[16,16,16]
0,0,0:310
0,0,1:379
0,0,2:340
0,0,3:308
0,0,4:312
0,0,5:312
0,0,6:298
0,0,7:359
0,0,8:326
0,0,9:333
0,0,10:330
0,0,11:288
0,0,12:338
0,0,13:336
0,0,14:381
0,0,15:298
0,1,0:374
0,1,1:425
0,1,2:352
0,1,3:388
0,1,4:431
0,1,5:401
0,1,6:374
0,1,7:385
0,1,8:382
0,1,9:369
0,1,10:391
0,1,11:371
0,1,12:391
0,1,13:395
0,1,14:468
0,1,15:365
0,2,0:297
0,2,1:404
0,2,2:326
0,2,3:344
0,2,4:347
0,2,5:357
0,2,6:329
0,2,7:357
0,2,8:342
0,2,9:313
0,2,10:350
0,2,11:334
0,2,12:357
0,2,13:360
0,2,14:410
0,2,15:299
0,3,0:277
0,3,1:365
0,3,2:339
0,3,3:327
0,3,4:304
0,3,5:328
0,3,6:312
0,3,7:353
0,3,8:316
0,3,9:342
0,3,10:327
0,3,11:321
0,3,12:323
0,3,13:359
0,3,14:388
0,3,15:312
0,4,0:354
0,4,1:377
0,4,2:334
0,4,3:314
0,4,4:326
0,4,5:335
0,4,6:344
0,4,7:336
0,4,8:340
0,4,9:300
0,4,10:335
0,4,11:358
0,4,12:306
0,4,13:321
0,4,14:386
0,4,15:334
0,5,0:317
0,5,1:391
0,5,2:366
0,5,3:310
0,5,4:348
0,5,5:348
0,5,6:314
0,5,7:313
0,5,8:329
0,5,9:313
0,5,10:349
0,5,11:311
0,5,12:311
0,5,13:353
0,5,14:365
0,5,15:331
0,6,0:333
0,6,1:397
0,6,2:321
0,6,3:336
0,6,4:322
0,6,5:330
0,6,6:323
0,6,7:338
0,6,8:317
0,6,9:318
0,6,10:328
0,6,11:303
0,6,12:326
0,6,13:362
0,6,14:386
0,6,15:320
0,7,0:318
0,7,1:371
0,7,2:323
0,7,3:330
0,7,4:338
0,7,5:350
0,7,6:328
0,7,7:326
0,7,8:346
0,7,9:325
0,7,10:309
0,7,11:320
0,7,12:336
0,7,13:322
0,7,14:392
0,7,15:297
0,8,0:345
0,8,1:361
0,8,2:305
0,8,3:331
0,8,4:290
0,8,5:341
0,8,6:326
0,8,7:310
0,8,8:337
0,8,9:327
0,8,10:304
0,8,11:300
0,8,12:365
0,8,13:351
0,8,14:389
0,8,15:320
0,9,0:294
0,9,1:392
0,9,2:319
0,9,3:328
0,9,4:341
0,9,5:348
0,9,6:342
0,9,7:322
0,9,8:346
0,9,9:324
0,9,10:338
0,9,11:338
0,9,12:316
0,9,13:326
0,9,14:370
0,9,15:312
0,10,0:314
0,10,1:386
0,10,2:343
0,10,3:310
0,10,4:318
0,10,5:317
0,10,6:326
0,10,7:324
0,10,8:322
0,10,9:336
0,10,10:310
0,10,11:343
0,10,12:324
0,10,13:370
0,10,14:407
0,10,15:326
0,11,0:325
0,11,1:384
0,11,2:332
0,11,3:315
0,11,4:320
0,11,5:303
0,11,6:335
0,11,7:314
0,11,8:336
0,11,9:332
0,11,10:304
0,11,11:332
0,11,12:306
0,11,13:377
0,11,14:385
0,11,15:295
0,12,0:319
0,12,1:378
0,12,2:321
0,12,3:348
0,12,4:339
0,12,5:328
0,12,6:316
0,12,7:330
0,12,8:334
0,12,9:341
0,12,10:336
0,12,11:309
0,12,12:313
0,12,13:338
0,12,14:402
0,12,15:319
0,13,0:338
0,13,1:384
0,13,2:373
0,13,3:325
0,13,4:337
0,13,5:323
0,13,6:347
0,13,7:329
0,13,8:322
0,13,9:368
0,13,10:340
0,13,11:337
0,13,12:335
0,13,13:375
0,13,14:419
0,13,15:317
0,14,0:373
0,14,1:484
0,14,2:414
0,14,3:363
0,14,4:391
0,14,5:426
0,14,6:377
0,14,7:385
0,14,8:400
0,14,9:381
0,14,10:403
0,14,11:400
0,14,12:398
0,14,13:394
0,14,14:454
0,14,15:359
0,15,0:284
0,15,1:333
0,15,2:331
0,15,3:325
0,15,4:292
0,15,5:307
0,15,6:323
0,15,7:328
0,15,8:297
0,15,9:327
0,15,10:288
0,15,11:297
0,15,12:297
0,15,13:307
0,15,14:367
0,15,15:277
1,0,0:409
1,0,1:466
1,0,2:471
1,0,3:442
1,0,4:446
1,0,5:452
1,0,6:430
1,0,7:426
1,0,8:445
1,0,9:433
1,0,10:429
1,0,11:422
1,0,12:479
1,0,13:477
1,0,14:468
1,0,15:344
1,1,0:445
1,1,1:549
1,1,2:531
1,1,3:501
1,1,4:580
1,1,5:487
1,1,6:534
1,1,7:544
1,1,8:518
1,1,9:518
1,1,10:522
1,1,11:548
1,1,12:508
1,1,13:551
1,1,14:548
1,1,15:497
1,2,0:443
1,2,1:519
1,2,2:490
1,2,3:489
1,2,4:480
1,2,5:463
1,2,6:448
1,2,7:482
1,2,8:494
1,2,9:457
1,2,10:480
1,2,11:484
1,2,12:523
1,2,13:495
1,2,14:517
1,2,15:418
1,3,0:401
1,3,1:583
1,3,2:476
1,3,3:494
1,3,4:462
1,3,5:455
1,3,6:469
1,3,7:485
1,3,8:481
1,3,9:459
1,3,10:479
1,3,11:471
1,3,12:472
1,3,13:435
1,3,14:526
1,3,15:439
1,4,0:442
1,4,1:531
1,4,2:496
1,4,3:463
1,4,4:493
1,4,5:461
1,4,6:447
1,4,7:458
1,4,8:431
1,4,9:469
1,4,10:483
1,4,11:434
1,4,12:435
1,4,13:483
1,4,14:509
1,4,15:422
1,5,0:445
1,5,1:515
1,5,2:518
1,5,3:462
1,5,4:478
1,5,5:446
1,5,6:406
1,5,7:454
1,5,8:399
1,5,9:488
1,5,10:444
1,5,11:471
1,5,12:450
1,5,13:475
1,5,14:497
1,5,15:426
1,6,0:421
1,6,1:538
1,6,2:452
1,6,3:460
1,6,4:476
1,6,5:471
1,6,6:487
1,6,7:450
1,6,8:479
1,6,9:462
1,6,10:504
1,6,11:502
1,6,12:469
1,6,13:495
1,6,14:506
1,6,15:427
1,7,0:429
1,7,1:527
1,7,2:461
1,7,3:461
1,7,4:494
1,7,5:474
1,7,6:454
1,7,7:439
1,7,8:464
1,7,9:495
1,7,10:487
1,7,11:438
1,7,12:492
1,7,13:472
1,7,14:510
1,7,15:419
1,8,0:478
1,8,1:503
1,8,2:472
1,8,3:459
1,8,4:496
1,8,5:442
1,8,6:490
1,8,7:494
1,8,8:448
1,8,9:490
1,8,10:500
1,8,11:472
1,8,12:443
1,8,13:505
1,8,14:542
1,8,15:432
1,9,0:440
1,9,1:530
1,9,2:483
1,9,3:445
1,9,4:471
1,9,5:458
1,9,6:449
1,9,7:436
1,9,8:422
1,9,9:480
1,9,10:460
1,9,11:501
1,9,12:446
1,9,13:453
1,9,14:544
1,9,15:419
1,10,0:482
1,10,1:502
1,10,2:486
1,10,3:483
1,10,4:452
1,10,5:443
1,10,6:432
1,10,7:473
1,10,8:464
1,10,9:484
1,10,10:486
1,10,11:491
1,10,12:492
1,10,13:478
1,10,14:508
1,10,15:425
1,11,0:380
1,11,1:509
1,11,2:499
1,11,3:470
1,11,4:428
1,11,5:477
1,11,6:443
1,11,7:460
1,11,8:454
1,11,9:424
1,11,10:486
1,11,11:449
1,11,12:443
1,11,13:437
1,11,14:524
1,11,15:418
1,12,0:424
1,12,1:522
1,12,2:486
1,12,3:495
1,12,4:471
1,12,5:446
1,12,6:473
1,12,7:479
1,12,8:495
1,12,9:440
1,12,10:449
1,12,11:480
1,12,12:490
1,12,13:511
1,12,14:520
1,12,15:418
1,13,0:417
1,13,1:571
1,13,2:480
1,13,3:491
1,13,4:481
1,13,5:492
1,13,6:475
1,13,7:482
1,13,8:498
1,13,9:472
1,13,10:469
1,13,11:534
1,13,12:474
1,13,13:492
1,13,14:524
1,13,15:448
1,14,0:516
1,14,1:553
1,14,2:546
1,14,3:510
1,14,4:536
1,14,5:525
1,14,6:538
1,14,7:516
1,14,8:503
1,14,9:513
1,14,10:481
1,14,11:503
1,14,12:545
1,14,13:529
1,14,14:549
1,14,15:497
1,15,0:355
1,15,1:486
1,15,2:423
1,15,3:434
1,15,4:424
1,15,5:399
1,15,6:415
1,15,7:423
1,15,8:404
1,15,9:447
1,15,10:456
1,15,11:460
1,15,12:399
1,15,13:479
1,15,14:481
1,15,15:388
2,0,0:399
2,0,1:493
2,0,2:455
2,0,3:455
2,0,4:440
2,0,5:404
2,0,6:446
2,0,7:446
2,0,8:415
2,0,9:416
2,0,10:473
2,0,11:423
2,0,12:454
2,0,13:444
2,0,14:471
2,0,15:387
2,1,0:507
2,1,1:601
2,1,2:530
2,1,3:578
2,1,4:508
2,1,5:535
2,1,6:561
2,1,7:583
2,1,8:548
2,1,9:542
2,1,10:506
2,1,11:546
2,1,12:549
2,1,13:563
2,1,14:645
2,1,15:536
2,2,0:456
2,2,1:563
2,2,2:503
2,2,3:513
2,2,4:519
2,2,5:491
2,2,6:506
2,2,7:482
2,2,8:502
2,2,9:522
2,2,10:549
2,2,11:475
2,2,12:504
2,2,13:536
2,2,14:502
2,2,15:451
2,3,0:440
2,3,1:568
2,3,2:510
2,3,3:482
2,3,4:523
2,3,5:525
2,3,6:511
2,3,7:492
2,3,8:514
2,3,9:517
2,3,10:486
2,3,11:561
2,3,12:468
2,3,13:515
2,3,14:566
2,3,15:439
2,4,0:428
2,4,1:531
2,4,2:527
2,4,3:562
2,4,4:491
2,4,5:535
2,4,6:486
2,4,7:501
2,4,8:524
2,4,9:536
2,4,10:493
2,4,11:500
2,4,12:502
2,4,13:546
2,4,14:556
2,4,15:428
2,5,0:469
2,5,1:542
2,5,2:512
2,5,3:538
2,5,4:512
2,5,5:518
2,5,6:552
2,5,7:487
2,5,8:477
2,5,9:526
2,5,10:470
2,5,11:492
2,5,12:534
2,5,13:517
2,5,14:542
2,5,15:446
2,6,0:431
2,6,1:565
2,6,2:519
2,6,3:509
2,6,4:517
2,6,5:505
2,6,6:481
2,6,7:511
2,6,8:524
2,6,9:485
2,6,10:508
2,6,11:499
2,6,12:490
2,6,13:479
2,6,14:508
2,6,15:439
2,7,0:476
2,7,1:496
2,7,2:484
2,7,3:485
2,7,4:503
2,7,5:480
2,7,6:497
2,7,7:474
2,7,8:501
2,7,9:475
2,7,10:523
2,7,11:480
2,7,12:492
2,7,13:560
2,7,14:545
2,7,15:433
2,8,0:444
2,8,1:560
2,8,2:567
2,8,3:511
2,8,4:484
2,8,5:487
2,8,6:514
2,8,7:538
2,8,8:488
2,8,9:502
2,8,10:499
2,8,11:505
2,8,12:478
2,8,13:456
2,8,14:572
2,8,15:464
2,9,0:429
2,9,1:534
2,9,2:508
2,9,3:505
2,9,4:506
2,9,5:541
2,9,6:515
2,9,7:529
2,9,8:478
2,9,9:501
2,9,10:536
2,9,11:501
2,9,12:480
2,9,13:539
2,9,14:556
2,9,15:403
2,10,0:464
2,10,1:581
2,10,2:488
2,10,3:501
2,10,4:471
2,10,5:521
2,10,6:533
2,10,7:522
2,10,8:493
2,10,9:501
2,10,10:528
2,10,11:479
2,10,12:498
2,10,13:530
2,10,14:569
2,10,15:477
2,11,0:431
2,11,1:562
2,11,2:523
2,11,3:515
2,11,4:500
2,11,5:525
2,11,6:500
2,11,7:490
2,11,8:464
2,11,9:488
2,11,10:525
2,11,11:520
2,11,12:496
2,11,13:499
2,11,14:515
2,11,15:446
2,12,0:445
2,12,1:590
2,12,2:523
2,12,3:488
2,12,4:493
2,12,5:493
2,12,6:500
2,12,7:480
2,12,8:528
2,12,9:506
2,12,10:470
2,12,11:472
2,12,12:528
2,12,13:536
2,12,14:583
2,12,15:461
2,13,0:436
2,13,1:566
2,13,2:529
2,13,3:513
2,13,4:505
2,13,5:502
2,13,6:503
2,13,7:530
2,13,8:509
2,13,9:483
2,13,10:517
2,13,11:513
2,13,12:519
2,13,13:518
2,13,14:556
2,13,15:449
2,14,0:491
2,14,1:601
2,14,2:567
2,14,3:548
2,14,4:565
2,14,5:517
2,14,6:565
2,14,7:540
2,14,8:541
2,14,9:582
2,14,10:533
2,14,11:561
2,14,12:501
2,14,13:562
2,14,14:589
2,14,15:484
2,15,0:401
2,15,1:486
2,15,2:467
2,15,3:431
2,15,4:447
2,15,5:463
2,15,6:449
2,15,7:443
2,15,8:448
2,15,9:452
2,15,10:425
2,15,11:406
2,15,12:479
2,15,13:455
2,15,14:514
2,15,15:371
3,0,0:417
3,0,1:517
3,0,2:480
3,0,3:463
3,0,4:460
3,0,5:470
3,0,6:482
3,0,7:470
3,0,8:440
3,0,9:472
3,0,10:443
3,0,11:403
3,0,12:495
3,0,13:456
3,0,14:537
3,0,15:375
3,1,0:508
3,1,1:605
3,1,2:569
3,1,3:483
3,1,4:584
3,1,5:558
3,1,6:588
3,1,7:597
3,1,8:554
3,1,9:507
3,1,10:563
3,1,11:564
3,1,12:567
3,1,13:581
3,1,14:614
3,1,15:492
3,2,0:447
3,2,1:567
3,2,2:538
3,2,3:540
3,2,4:535
3,2,5:496
3,2,6:545
3,2,7:515
3,2,8:497
3,2,9:496
3,2,10:494
3,2,11:515
3,2,12:534
3,2,13:514
3,2,14:546
3,2,15:450
3,3,0:462
3,3,1:555
3,3,2:489
3,3,3:499
3,3,4:490
3,3,5:518
3,3,6:521
3,3,7:551
3,3,8:563
3,3,9:541
3,3,10:534
3,3,11:537
3,3,12:495
3,3,13:523
3,3,14:583
3,3,15:474
3,4,0:435
3,4,1:552
3,4,2:511
3,4,3:492
3,4,4:486
3,4,5:509
3,4,6:485
3,4,7:485
3,4,8:499
3,4,9:501
3,4,10:509
3,4,11:511
3,4,12:513
3,4,13:574
3,4,14:550
3,4,15:479
3,5,0:465
3,5,1:568
3,5,2:469
3,5,3:472
3,5,4:500
3,5,5:509
3,5,6:524
3,5,7:511
3,5,8:534
3,5,9:516
3,5,10:471
3,5,11:526
3,5,12:492
3,5,13:539
3,5,14:570
3,5,15:494
3,6,0:467
3,6,1:556
3,6,2:501
3,6,3:512
3,6,4:466
3,6,5:504
3,6,6:521
3,6,7:529
3,6,8:542
3,6,9:515
3,6,10:506
3,6,11:502
3,6,12:517
3,6,13:531
3,6,14:565
3,6,15:443
3,7,0:450
3,7,1:587
3,7,2:519
3,7,3:506
3,7,4:513
3,7,5:531
3,7,6:510
3,7,7:550
3,7,8:522
3,7,9:511
3,7,10:505
3,7,11:521
3,7,12:522
3,7,13:503
3,7,14:529
3,7,15:450
3,8,0:429
3,8,1:547
3,8,2:541
3,8,3:508
3,8,4:530
3,8,5:521
3,8,6:515
3,8,7:449
3,8,8:521
3,8,9:516
3,8,10:473
3,8,11:489
3,8,12:522
3,8,13:521
3,8,14:586
3,8,15:454
3,9,0:467
3,9,1:554
3,9,2:545
3,9,3:499
3,9,4:498
3,9,5:539
3,9,6:493
3,9,7:516
3,9,8:500
3,9,9:527
3,9,10:496
3,9,11:478
3,9,12:517
3,9,13:506
3,9,14:572
3,9,15:481
3,10,0:440
3,10,1:560
3,10,2:512
3,10,3:499
3,10,4:505
3,10,5:504
3,10,6:506
3,10,7:518
3,10,8:485
3,10,9:503
3,10,10:504
3,10,11:556
3,10,12:531
3,10,13:557
3,10,14:568
3,10,15:447
3,11,0:444
3,11,1:557
3,11,2:513
3,11,3:542
3,11,4:514
3,11,5:509
3,11,6:499
3,11,7:521
3,11,8:509
3,11,9:535
3,11,10:531
3,11,11:544
3,11,12:495
3,11,13:519
3,11,14:552
3,11,15:482
3,12,0:431
3,12,1:505
3,12,2:509
3,12,3:527
3,12,4:539
3,12,5:489
3,12,6:487
3,12,7:516
3,12,8:502
3,12,9:518
3,12,10:547
3,12,11:504
3,12,12:498
3,12,13:535
3,12,14:539
3,12,15:457
3,13,0:490
3,13,1:571
3,13,2:523
3,13,3:512
3,13,4:538
3,13,5:501
3,13,6:502
3,13,7:536
3,13,8:528
3,13,9:530
3,13,10:533
3,13,11:479
3,13,12:542
3,13,13:532
3,13,14:582
3,13,15:466
3,14,0:485
3,14,1:653
3,14,2:526
3,14,3:547
3,14,4:518
3,14,5:576
3,14,6:551
3,14,7:553
3,14,8:563
3,14,9:595
3,14,10:532
3,14,11:548
3,14,12:545
3,14,13:541
3,14,14:600
3,14,15:496
3,15,0:407
3,15,1:509
3,15,2:459
3,15,3:455
3,15,4:450
3,15,5:425
3,15,6:455
3,15,7:440
3,15,8:458
3,15,9:448
3,15,10:440
3,15,11:490
3,15,12:448
3,15,13:442
3,15,14:491
3,15,15:423
4,0,0:399
4,0,1:461
4,0,2:422
4,0,3:478
4,0,4:446
4,0,5:450
4,0,6:471
4,0,7:417
4,0,8:467
4,0,9:466
4,0,10:482
4,0,11:424
4,0,12:427
4,0,13:470
4,0,14:526
4,0,15:373
4,1,0:519
4,1,1:628
4,1,2:520
4,1,3:569
4,1,4:526
4,1,5:575
4,1,6:546
4,1,7:570
4,1,8:546
4,1,9:573
4,1,10:558
4,1,11:578
4,1,12:536
4,1,13:541
4,1,14:564
4,1,15:515
4,2,0:462
4,2,1:590
4,2,2:500
4,2,3:515
4,2,4:534
4,2,5:501
4,2,6:533
4,2,7:491
4,2,8:504
4,2,9:513
4,2,10:528
4,2,11:562
4,2,12:507
4,2,13:528
4,2,14:547
4,2,15:461
4,3,0:465
4,3,1:568
4,3,2:552
4,3,3:509
4,3,4:527
4,3,5:497
4,3,6:488
4,3,7:484
4,3,8:527
4,3,9:526
4,3,10:527
4,3,11:508
4,3,12:514
4,3,13:512
4,3,14:612
4,3,15:473
4,4,0:419
4,4,1:543
4,4,2:572
4,4,3:519
4,4,4:517
4,4,5:534
4,4,6:531
4,4,7:551
4,4,8:521
4,4,9:490
4,4,10:510
4,4,11:506
4,4,12:505
4,4,13:536
4,4,14:517
4,4,15:426
4,5,0:462
4,5,1:584
4,5,2:557
4,5,3:532
4,5,4:476
4,5,5:514
4,5,6:500
4,5,7:525
4,5,8:540
4,5,9:495
4,5,10:454
4,5,11:491
4,5,12:491
4,5,13:563
4,5,14:553
4,5,15:462
4,6,0:490
4,6,1:538
4,6,2:570
4,6,3:500
4,6,4:508
4,6,5:491
4,6,6:499
4,6,7:497
4,6,8:514
4,6,9:517
4,6,10:488
4,6,11:503
4,6,12:501
4,6,13:545
4,6,14:588
4,6,15:485
4,7,0:434
4,7,1:551
4,7,2:502
4,7,3:547
4,7,4:504
4,7,5:524
4,7,6:463
4,7,7:509
4,7,8:478
4,7,9:501
4,7,10:542
4,7,11:492
4,7,12:517
4,7,13:547
4,7,14:527
4,7,15:435
4,8,0:447
4,8,1:561
4,8,2:557
4,8,3:481
4,8,4:501
4,8,5:510
4,8,6:523
4,8,7:524
4,8,8:521
4,8,9:537
4,8,10:509
4,8,11:516
4,8,12:508
4,8,13:530
4,8,14:562
4,8,15:459
4,9,0:478
4,9,1:572
4,9,2:562
4,9,3:489
4,9,4:511
4,9,5:513
4,9,6:499
4,9,7:488
4,9,8:511
4,9,9:530
4,9,10:524
4,9,11:504
4,9,12:512
4,9,13:490
4,9,14:534
4,9,15:473
4,10,0:425
4,10,1:561
4,10,2:547
4,10,3:510
4,10,4:487
4,10,5:484
4,10,6:534
4,10,7:498
4,10,8:543
4,10,9:478
4,10,10:541
4,10,11:476
4,10,12:514
4,10,13:546
4,10,14:542
4,10,15:497
4,11,0:479
4,11,1:549
4,11,2:511
4,11,3:541
4,11,4:494
4,11,5:516
4,11,6:562
4,11,7:512
4,11,8:496
4,11,9:514
4,11,10:509
4,11,11:534
4,11,12:496
4,11,13:535
4,11,14:552
4,11,15:426
4,12,0:462
4,12,1:570
4,12,2:500
4,12,3:505
4,12,4:519
4,12,5:508
4,12,6:506
4,12,7:526
4,12,8:494
4,12,9:542
4,12,10:526
4,12,11:461
4,12,12:445
4,12,13:521
4,12,14:585
4,12,15:447
4,13,0:447
4,13,1:546
4,13,2:552
4,13,3:516
4,13,4:498
4,13,5:508
4,13,6:505
4,13,7:495
4,13,8:494
4,13,9:536
4,13,10:527
4,13,11:520
4,13,12:517
4,13,13:517
4,13,14:545
4,13,15:465
4,14,0:501
4,14,1:600
4,14,2:561
4,14,3:574
4,14,4:549
4,14,5:564
4,14,6:597
4,14,7:561
4,14,8:575
4,14,9:539
4,14,10:545
4,14,11:605
4,14,12:593
4,14,13:521
4,14,14:580
4,14,15:483
4,15,0:387
4,15,1:517
4,15,2:432
4,15,3:491
4,15,4:436
4,15,5:457
4,15,6:462
4,15,7:450
4,15,8:460
4,15,9:499
4,15,10:428
4,15,11:450
4,15,12:472
4,15,13:434
4,15,14:468
4,15,15:362
5,0,0:391
5,0,1:501
5,0,2:492
5,0,3:456
5,0,4:448
5,0,5:436
5,0,6:462
5,0,7:477
5,0,8:485
5,0,9:474
5,0,10:446
5,0,11:499
5,0,12:473
5,0,13:532
5,0,14:491
5,0,15:397
5,1,0:520
5,1,1:624
5,1,2:543
5,1,3:596
5,1,4:575
5,1,5:544
5,1,6:519
5,1,7:555
5,1,8:588
5,1,9:560
5,1,10:536
5,1,11:500
5,1,12:540
5,1,13:608
5,1,14:602
5,1,15:460
5,2,0:421
5,2,1:564
5,2,2:574
5,2,3:505
5,2,4:505
5,2,5:521
5,2,6:506
5,2,7:485
5,2,8:524
5,2,9:531
5,2,10:536
5,2,11:559
5,2,12:533
5,2,13:561
5,2,14:509
5,2,15:473
5,3,0:469
5,3,1:573
5,3,2:547
5,3,3:528
5,3,4:535
5,3,5:533
5,3,6:490
5,3,7:518
5,3,8:509
5,3,9:505
5,3,10:512
5,3,11:547
5,3,12:546
5,3,13:578
5,3,14:597
5,3,15:425
5,4,0:455
5,4,1:547
5,4,2:558
5,4,3:514
5,4,4:515
5,4,5:508
5,4,6:522
5,4,7:489
5,4,8:513
5,4,9:523
5,4,10:524
5,4,11:489
5,4,12:546
5,4,13:534
5,4,14:555
5,4,15:464
5,5,0:455
5,5,1:576
5,5,2:517
5,5,3:565
5,5,4:514
5,5,5:494
5,5,6:500
5,5,7:518
5,5,8:451
5,5,9:494
5,5,10:535
5,5,11:531
5,5,12:550
5,5,13:521
5,5,14:524
5,5,15:420
5,6,0:420
5,6,1:519
5,6,2:507
5,6,3:481
5,6,4:514
5,6,5:534
5,6,6:508
5,6,7:480
5,6,8:557
5,6,9:500
5,6,10:530
5,6,11:523
5,6,12:523
5,6,13:495
5,6,14:571
5,6,15:456
5,7,0:444
5,7,1:561
5,7,2:486
5,7,3:546
5,7,4:496
5,7,5:532
5,7,6:511
5,7,7:536
5,7,8:538
5,7,9:541
5,7,10:539
5,7,11:510
5,7,12:499
5,7,13:545
5,7,14:506
5,7,15:440
5,8,0:438
5,8,1:495
5,8,2:510
5,8,3:544
5,8,4:547
5,8,5:503
5,8,6:552
5,8,7:482
5,8,8:487
5,8,9:531
5,8,10:541
5,8,11:481
5,8,12:524
5,8,13:502
5,8,14:554
5,8,15:453
5,9,0:468
5,9,1:514
5,9,2:515
5,9,3:521
5,9,4:513
5,9,5:490
5,9,6:498
5,9,7:522
5,9,8:496
5,9,9:510
5,9,10:513
5,9,11:501
5,9,12:511
5,9,13:530
5,9,14:549
5,9,15:455
5,10,0:445
5,10,1:500
5,10,2:524
5,10,3:528
5,10,4:561
5,10,5:486
5,10,6:478
5,10,7:482
5,10,8:481
5,10,9:512
5,10,10:483
5,10,11:526
5,10,12:498
5,10,13:524
5,10,14:534
5,10,15:444
5,11,0:446
5,11,1:547
5,11,2:476
5,11,3:523
5,11,4:519
5,11,5:501
5,11,6:532
5,11,7:524
5,11,8:515
5,11,9:507
5,11,10:528
5,11,11:508
5,11,12:504
5,11,13:538
5,11,14:592
5,11,15:447
5,12,0:454
5,12,1:591
5,12,2:564
5,12,3:533
5,12,4:495
5,12,5:493
5,12,6:530
5,12,7:549
5,12,8:521
5,12,9:525
5,12,10:522
5,12,11:528
5,12,12:509
5,12,13:529
5,12,14:550
5,12,15:450
5,13,0:466
5,13,1:588
5,13,2:532
5,13,3:549
5,13,4:523
5,13,5:537
5,13,6:561
5,13,7:524
5,13,8:560
5,13,9:528
5,13,10:531
5,13,11:530
5,13,12:552
5,13,13:549
5,13,14:569
5,13,15:421
5,14,0:509
5,14,1:614
5,14,2:633
5,14,3:533
5,14,4:568
5,14,5:545
5,14,6:568
5,14,7:557
5,14,8:598
5,14,9:537
5,14,10:557
5,14,11:547
5,14,12:529
5,14,13:618
5,14,14:634
5,14,15:484
5,15,0:396
5,15,1:477
5,15,2:441
5,15,3:406
5,15,4:433
5,15,5:439
5,15,6:447
5,15,7:452
5,15,8:404
5,15,9:412
5,15,10:440
5,15,11:454
5,15,12:439
5,15,13:437
5,15,14:549
5,15,15:395
6,0,0:443
6,0,1:528
6,0,2:436
6,0,3:432
6,0,4:474
6,0,5:482
6,0,6:419
6,0,7:439
6,0,8:461
6,0,9:453
6,0,10:481
6,0,11:474
6,0,12:447
6,0,13:465
6,0,14:530
6,0,15:427
6,1,0:484
6,1,1:677
6,1,2:609
6,1,3:586
6,1,4:535
6,1,5:538
6,1,6:550
6,1,7:567
6,1,8:551
6,1,9:563
6,1,10:520
6,1,11:557
6,1,12:525
6,1,13:582
6,1,14:599
6,1,15:494
6,2,0:436
6,2,1:573
6,2,2:542
6,2,3:505
6,2,4:545
6,2,5:529
6,2,6:520
6,2,7:461
6,2,8:542
6,2,9:519
6,2,10:497
6,2,11:511
6,2,12:547
6,2,13:546
6,2,14:542
6,2,15:467
6,3,0:474
6,3,1:555
6,3,2:482
6,3,3:525
6,3,4:560
6,3,5:498
6,3,6:514
6,3,7:459
6,3,8:484
6,3,9:547
6,3,10:533
6,3,11:507
6,3,12:513
6,3,13:505
6,3,14:556
6,3,15:519
6,4,0:430
6,4,1:561
6,4,2:483
6,4,3:481
6,4,4:514
6,4,5:519
6,4,6:510
6,4,7:509
6,4,8:492
6,4,9:483
6,4,10:535
6,4,11:522
6,4,12:500
6,4,13:535
6,4,14:518
6,4,15:472
6,5,0:457
6,5,1:571
6,5,2:490
6,5,3:507
6,5,4:556
6,5,5:539
6,5,6:492
6,5,7:510
6,5,8:482
6,5,9:498
6,5,10:528
6,5,11:500
6,5,12:535
6,5,13:519
6,5,14:575
6,5,15:417
6,6,0:480
6,6,1:560
6,6,2:548
6,6,3:524
6,6,4:513
6,6,5:495
6,6,6:531
6,6,7:508
6,6,8:532
6,6,9:501
6,6,10:525
6,6,11:508
6,6,12:500
6,6,13:548
6,6,14:507
6,6,15:491
6,7,0:471
6,7,1:597
6,7,2:508
6,7,3:502
6,7,4:510
6,7,5:528
6,7,6:507
6,7,7:518
6,7,8:546
6,7,9:490
6,7,10:516
6,7,11:526
6,7,12:495
6,7,13:518
6,7,14:530
6,7,15:479
6,8,0:472
6,8,1:598
6,8,2:527
6,8,3:520
6,8,4:513
6,8,5:499
6,8,6:530
6,8,7:487
6,8,8:525
6,8,9:478
6,8,10:518
6,8,11:491
6,8,12:513
6,8,13:541
6,8,14:588
6,8,15:422
6,9,0:498
6,9,1:543
6,9,2:501
6,9,3:531
6,9,4:516
6,9,5:566
6,9,6:495
6,9,7:522
6,9,8:482
6,9,9:497
6,9,10:489
6,9,11:512
6,9,12:498
6,9,13:477
6,9,14:596
6,9,15:400
6,10,0:441
6,10,1:538
6,10,2:532
6,10,3:514
6,10,4:483
6,10,5:505
6,10,6:512
6,10,7:545
6,10,8:512
6,10,9:505
6,10,10:533
6,10,11:503
6,10,12:528
6,10,13:502
6,10,14:548
6,10,15:454
6,11,0:448
6,11,1:563
6,11,2:510
6,11,3:501
6,11,4:487
6,11,5:544
6,11,6:481
6,11,7:539
6,11,8:515
6,11,9:476
6,11,10:475
6,11,11:532
6,11,12:498
6,11,13:538
6,11,14:576
6,11,15:493
6,12,0:468
6,12,1:519
6,12,2:512
6,12,3:503
6,12,4:509
6,12,5:560
6,12,6:534
6,12,7:502
6,12,8:479
6,12,9:520
6,12,10:538
6,12,11:487
6,12,12:499
6,12,13:548
6,12,14:558
6,12,15:475
6,13,0:449
6,13,1:590
6,13,2:503
6,13,3:503
6,13,4:545
6,13,5:483
6,13,6:505
6,13,7:532
6,13,8:545
6,13,9:528
6,13,10:501
6,13,11:499
6,13,12:501
6,13,13:559
6,13,14:592
6,13,15:438
6,14,0:504
6,14,1:586
6,14,2:565
6,14,3:536
6,14,4:588
6,14,5:565
6,14,6:579
6,14,7:560
6,14,8:552
6,14,9:592
6,14,10:601
6,14,11:583
6,14,12:587
6,14,13:586
6,14,14:589
6,14,15:509
6,15,0:373
6,15,1:475
6,15,2:422
6,15,3:460
6,15,4:473
6,15,5:422
6,15,6:437
6,15,7:432
6,15,8:431
6,15,9:448
6,15,10:439
6,15,11:431
6,15,12:464
6,15,13:465
6,15,14:500
6,15,15:380
7,0,0:379
7,0,1:504
7,0,2:459
7,0,3:462
7,0,4:461
7,0,5:500
7,0,6:460
7,0,7:453
7,0,8:444
7,0,9:441
7,0,10:472
7,0,11:426
7,0,12:439
7,0,13:468
7,0,14:539
7,0,15:390
7,1,0:497
7,1,1:656
7,1,2:552
7,1,3:589
7,1,4:602
7,1,5:566
7,1,6:600
7,1,7:586
7,1,8:524
7,1,9:552
7,1,10:590
7,1,11:583
7,1,12:535
7,1,13:567
7,1,14:595
7,1,15:505
7,2,0:478
7,2,1:548
7,2,2:512
7,2,3:496
7,2,4:544
7,2,5:559
7,2,6:512
7,2,7:476
7,2,8:514
7,2,9:468
7,2,10:496
7,2,11:518
7,2,12:507
7,2,13:512
7,2,14:584
7,2,15:414
7,3,0:475
7,3,1:557
7,3,2:505
7,3,3:495
7,3,4:479
7,3,5:528
7,3,6:527
7,3,7:501
7,3,8:529
7,3,9:514
7,3,10:523
7,3,11:489
7,3,12:508
7,3,13:560
7,3,14:580
7,3,15:481
7,4,0:435
7,4,1:550
7,4,2:541
7,4,3:468
7,4,4:487
7,4,5:518
7,4,6:519
7,4,7:525
7,4,8:506
7,4,9:496
7,4,10:504
7,4,11:449
7,4,12:541
7,4,13:500
7,4,14:588
7,4,15:448
7,5,0:470
7,5,1:561
7,5,2:529
7,5,3:479
7,5,4:529
7,5,5:517
7,5,6:515
7,5,7:519
7,5,8:538
7,5,9:538
7,5,10:545
7,5,11:526
7,5,12:511
7,5,13:583
7,5,14:523
7,5,15:462
7,6,0:457
7,6,1:575
7,6,2:533
7,6,3:515
7,6,4:483
7,6,5:524
7,6,6:501
7,6,7:519
7,6,8:511
7,6,9:522
7,6,10:542
7,6,11:511
7,6,12:494
7,6,13:560
7,6,14:585
7,6,15:439
7,7,0:438
7,7,1:567
7,7,2:499
7,7,3:475
7,7,4:560
7,7,5:521
7,7,6:506
7,7,7:521
7,7,8:480
7,7,9:479
7,7,10:499
7,7,11:489
7,7,12:526
7,7,13:505
7,7,14:602
7,7,15:430
7,8,0:482
7,8,1:555
7,8,2:528
7,8,3:505
7,8,4:518
7,8,5:565
7,8,6:515
7,8,7:522
7,8,8:502
7,8,9:514
7,8,10:474
7,8,11:492
7,8,12:501
7,8,13:511
7,8,14:597
7,8,15:459
7,9,0:467
7,9,1:531
7,9,2:487
7,9,3:492
7,9,4:519
7,9,5:468
7,9,6:506
7,9,7:543
7,9,8:518
7,9,9:543
7,9,10:522
7,9,11:483
7,9,12:540
7,9,13:508
7,9,14:530
7,9,15:479
7,10,0:485
7,10,1:545
7,10,2:491
7,10,3:484
7,10,4:526
7,10,5:463
7,10,6:464
7,10,7:512
7,10,8:549
7,10,9:527
7,10,10:521
7,10,11:561
7,10,12:522
7,10,13:510
7,10,14:567
7,10,15:455
7,11,0:456
7,11,1:577
7,11,2:510
7,11,3:540
7,11,4:488
7,11,5:506
7,11,6:486
7,11,7:551
7,11,8:542
7,11,9:504
7,11,10:502
7,11,11:566
7,11,12:473
7,11,13:515
7,11,14:576
7,11,15:458
7,12,0:458
7,12,1:513
7,12,2:533
7,12,3:522
7,12,4:526
7,12,5:460
7,12,6:508
7,12,7:486
7,12,8:482
7,12,9:494
7,12,10:531
7,12,11:476
7,12,12:535
7,12,13:551
7,12,14:540
7,12,15:439
7,13,0:472
7,13,1:610
7,13,2:516
7,13,3:514
7,13,4:509
7,13,5:503
7,13,6:559
7,13,7:522
7,13,8:546
7,13,9:536
7,13,10:516
7,13,11:498
7,13,12:519
7,13,13:533
7,13,14:574
7,13,15:453
7,14,0:493
7,14,1:622
7,14,2:588
7,14,3:582
7,14,4:591
7,14,5:550
7,14,6:588
7,14,7:558
7,14,8:586
7,14,9:536
7,14,10:585
7,14,11:567
7,14,12:560
7,14,13:626
7,14,14:600
7,14,15:511
7,15,0:389
7,15,1:533
7,15,2:479
7,15,3:481
7,15,4:462
7,15,5:460
7,15,6:464
7,15,7:451
7,15,8:439
7,15,9:438
7,15,10:425
7,15,11:468
7,15,12:416
7,15,13:469
7,15,14:520
7,15,15:417
8,0,0:422
8,0,1:517
8,0,2:466
8,0,3:456
8,0,4:442
8,0,5:448
8,0,6:437
8,0,7:483
8,0,8:469
8,0,9:449
8,0,10:486
8,0,11:452
8,0,12:444
8,0,13:441
8,0,14:513
8,0,15:443
8,1,0:536
8,1,1:616
8,1,2:590
8,1,3:581
8,1,4:586
8,1,5:542
8,1,6:575
8,1,7:606
8,1,8:555
8,1,9:575
8,1,10:560
8,1,11:587
8,1,12:570
8,1,13:582
8,1,14:607
8,1,15:505
8,2,0:461
8,2,1:553
8,2,2:543
8,2,3:463
8,2,4:492
8,2,5:515
8,2,6:511
8,2,7:519
8,2,8:527
8,2,9:504
8,2,10:569
8,2,11:534
8,2,12:508
8,2,13:587
8,2,14:557
8,2,15:407
8,3,0:455
8,3,1:574
8,3,2:519
8,3,3:486
8,3,4:527
8,3,5:515
8,3,6:452
8,3,7:511
8,3,8:559
8,3,9:508
8,3,10:558
8,3,11:512
8,3,12:510
8,3,13:498
8,3,14:524
8,3,15:438
8,4,0:459
8,4,1:545
8,4,2:531
8,4,3:505
8,4,4:520
8,4,5:479
8,4,6:517
8,4,7:454
8,4,8:535
8,4,9:499
8,4,10:512
8,4,11:504
8,4,12:533
8,4,13:520
8,4,14:585
8,4,15:444
8,5,0:438
8,5,1:568
8,5,2:567
8,5,3:488
8,5,4:492
8,5,5:501
8,5,6:523
8,5,7:499
8,5,8:524
8,5,9:502
8,5,10:520
8,5,11:511
8,5,12:564
8,5,13:485
8,5,14:561
8,5,15:438
8,6,0:452
8,6,1:548
8,6,2:553
8,6,3:473
8,6,4:493
8,6,5:504
8,6,6:522
8,6,7:502
8,6,8:494
8,6,9:506
8,6,10:470
8,6,11:548
8,6,12:512
8,6,13:536
8,6,14:552
8,6,15:458
8,7,0:462
8,7,1:564
8,7,2:540
8,7,3:498
8,7,4:485
8,7,5:513
8,7,6:515
8,7,7:504
8,7,8:512
8,7,9:495
8,7,10:515
8,7,11:525
8,7,12:548
8,7,13:534
8,7,14:542
8,7,15:425
8,8,0:444
8,8,1:587
8,8,2:536
8,8,3:499
8,8,4:513
8,8,5:518
8,8,6:519
8,8,7:529
8,8,8:506
8,8,9:506
8,8,10:522
8,8,11:497
8,8,12:557
8,8,13:538
8,8,14:559
8,8,15:436
8,9,0:452
8,9,1:558
8,9,2:490
8,9,3:536
8,9,4:530
8,9,5:518
8,9,6:509
8,9,7:475
8,9,8:483
8,9,9:523
8,9,10:485
8,9,11:504
8,9,12:504
8,9,13:515
8,9,14:545
8,9,15:437
8,10,0:463
8,10,1:547
8,10,2:521
8,10,3:493
8,10,4:527
8,10,5:540
8,10,6:518
8,10,7:535
8,10,8:532
8,10,9:487
8,10,10:535
8,10,11:493
8,10,12:519
8,10,13:497
8,10,14:512
8,10,15:437
8,11,0:458
8,11,1:591
8,11,2:518
8,11,3:547
8,11,4:494
8,11,5:559
8,11,6:502
8,11,7:538
8,11,8:524
8,11,9:511
8,11,10:578
8,11,11:519
8,11,12:512
8,11,13:552
8,11,14:564
8,11,15:437
8,12,0:434
8,12,1:568
8,12,2:515
8,12,3:515
8,12,4:537
8,12,5:529
8,12,6:531
8,12,7:531
8,12,8:461
8,12,9:495
8,12,10:541
8,12,11:527
8,12,12:529
8,12,13:535
8,12,14:568
8,12,15:476
8,13,0:449
8,13,1:554
8,13,2:511
8,13,3:529
8,13,4:505
8,13,5:520
8,13,6:501
8,13,7:526
8,13,8:528
8,13,9:510
8,13,10:541
8,13,11:531
8,13,12:494
8,13,13:530
8,13,14:617
8,13,15:452
8,14,0:486
8,14,1:641
8,14,2:518
8,14,3:539
8,14,4:542
8,14,5:610
8,14,6:549
8,14,7:541
8,14,8:544
8,14,9:608
8,14,10:559
8,14,11:566
8,14,12:600
8,14,13:549
8,14,14:565
8,14,15:503
8,15,0:392
8,15,1:495
8,15,2:426
8,15,3:457
8,15,4:481
8,15,5:445
8,15,6:467
8,15,7:434
8,15,8:493
8,15,9:458
8,15,10:474
8,15,11:454
8,15,12:475
8,15,13:473
8,15,14:499
8,15,15:389
9,0,0:391
9,0,1:455
9,0,2:451
9,0,3:435
9,0,4:443
9,0,5:465
9,0,6:465
9,0,7:481
9,0,8:462
9,0,9:436
9,0,10:458
9,0,11:428
9,0,12:440
9,0,13:470
9,0,14:523
9,0,15:415
9,1,0:476
9,1,1:577
9,1,2:582
9,1,3:575
9,1,4:545
9,1,5:560
9,1,6:611
9,1,7:557
9,1,8:531
9,1,9:559
9,1,10:566
9,1,11:544
9,1,12:561
9,1,13:553
9,1,14:615
9,1,15:470
9,2,0:461
9,2,1:558
9,2,2:541
9,2,3:499
9,2,4:514
9,2,5:503
9,2,6:525
9,2,7:512
9,2,8:528
9,2,9:506
9,2,10:520
9,2,11:543
9,2,12:486
9,2,13:529
9,2,14:547
9,2,15:453
9,3,0:458
9,3,1:539
9,3,2:555
9,3,3:499
9,3,4:507
9,3,5:536
9,3,6:537
9,3,7:502
9,3,8:548
9,3,9:518
9,3,10:514
9,3,11:516
9,3,12:482
9,3,13:514
9,3,14:562
9,3,15:439
9,4,0:444
9,4,1:602
9,4,2:551
9,4,3:521
9,4,4:487
9,4,5:486
9,4,6:492
9,4,7:474
9,4,8:536
9,4,9:500
9,4,10:506
9,4,11:518
9,4,12:471
9,4,13:524
9,4,14:587
9,4,15:461
9,5,0:445
9,5,1:546
9,5,2:479
9,5,3:501
9,5,4:510
9,5,5:492
9,5,6:537
9,5,7:524
9,5,8:513
9,5,9:486
9,5,10:539
9,5,11:476
9,5,12:488
9,5,13:531
9,5,14:553
9,5,15:470
9,6,0:452
9,6,1:538
9,6,2:527
9,6,3:531
9,6,4:535
9,6,5:484
9,6,6:511
9,6,7:531
9,6,8:516
9,6,9:516
9,6,10:526
9,6,11:546
9,6,12:505
9,6,13:513
9,6,14:575
9,6,15:438
9,7,0:441
9,7,1:540
9,7,2:496
9,7,3:503
9,7,4:537
9,7,5:511
9,7,6:502
9,7,7:500
9,7,8:532
9,7,9:499
9,7,10:541
9,7,11:504
9,7,12:515
9,7,13:527
9,7,14:567
9,7,15:456
9,8,0:450
9,8,1:560
9,8,2:525
9,8,3:548
9,8,4:552
9,8,5:500
9,8,6:505
9,8,7:480
9,8,8:499
9,8,9:486
9,8,10:506
9,8,11:498
9,8,12:488
9,8,13:589
9,8,14:586
9,8,15:454
9,9,0:461
9,9,1:580
9,9,2:527
9,9,3:509
9,9,4:499
9,9,5:495
9,9,6:519
9,9,7:525
9,9,8:493
9,9,9:540
9,9,10:511
9,9,11:500
9,9,12:530
9,9,13:518
9,9,14:547
9,9,15:465
9,10,0:419
9,10,1:570
9,10,2:532
9,10,3:523
9,10,4:512
9,10,5:490
9,10,6:514
9,10,7:500
9,10,8:494
9,10,9:523
9,10,10:517
9,10,11:534
9,10,12:498
9,10,13:514
9,10,14:568
9,10,15:457
9,11,0:440
9,11,1:558
9,11,2:535
9,11,3:482
9,11,4:505
9,11,5:518
9,11,6:516
9,11,7:495
9,11,8:498
9,11,9:503
9,11,10:511
9,11,11:537
9,11,12:478
9,11,13:534
9,11,14:538
9,11,15:460
9,12,0:435
9,12,1:593
9,12,2:550
9,12,3:554
9,12,4:493
9,12,5:502
9,12,6:482
9,12,7:501
9,12,8:530
9,12,9:510
9,12,10:532
9,12,11:533
9,12,12:489
9,12,13:521
9,12,14:570
9,12,15:465
9,13,0:490
9,13,1:616
9,13,2:580
9,13,3:495
9,13,4:513
9,13,5:554
9,13,6:486
9,13,7:537
9,13,8:524
9,13,9:517
9,13,10:542
9,13,11:551
9,13,12:518
9,13,13:482
9,13,14:591
9,13,15:464
9,14,0:507
9,14,1:656
9,14,2:592
9,14,3:546
9,14,4:539
9,14,5:561
9,14,6:560
9,14,7:570
9,14,8:556
9,14,9:552
9,14,10:560
9,14,11:553
9,14,12:547
9,14,13:555
9,14,14:590
9,14,15:489
9,15,0:394
9,15,1:506
9,15,2:457
9,15,3:450
9,15,4:436
9,15,5:445
9,15,6:455
9,15,7:452
9,15,8:454
9,15,9:441
9,15,10:421
9,15,11:487
9,15,12:442
9,15,13:482
9,15,14:511
9,15,15:369
10,0,0:387
10,0,1:489
10,0,2:504
10,0,3:508
10,0,4:427
10,0,5:488
10,0,6:459
10,0,7:426
10,0,8:437
10,0,9:425
10,0,10:442
10,0,11:427
10,0,12:445
10,0,13:506
10,0,14:491
10,0,15:372
10,1,0:480
10,1,1:653
10,1,2:575
10,1,3:562
10,1,4:585
10,1,5:572
10,1,6:548
10,1,7:547
10,1,8:530
10,1,9:570
10,1,10:536
10,1,11:540
10,1,12:620
10,1,13:556
10,1,14:617
10,1,15:518
10,2,0:432
10,2,1:542
10,2,2:475
10,2,3:518
10,2,4:503
10,2,5:516
10,2,6:561
10,2,7:491
10,2,8:540
10,2,9:517
10,2,10:521
10,2,11:528
10,2,12:495
10,2,13:537
10,2,14:595
10,2,15:438
10,3,0:453
10,3,1:577
10,3,2:526
10,3,3:507
10,3,4:504
10,3,5:519
10,3,6:514
10,3,7:518
10,3,8:541
10,3,9:509
10,3,10:493
10,3,11:521
10,3,12:553
10,3,13:524
10,3,14:532
10,3,15:432
10,4,0:443
10,4,1:559
10,4,2:530
10,4,3:509
10,4,4:530
10,4,5:517
10,4,6:524
10,4,7:497
10,4,8:510
10,4,9:511
10,4,10:564
10,4,11:472
10,4,12:558
10,4,13:532
10,4,14:583
10,4,15:419
10,5,0:437
10,5,1:572
10,5,2:538
10,5,3:479
10,5,4:517
10,5,5:495
10,5,6:493
10,5,7:500
10,5,8:490
10,5,9:499
10,5,10:534
10,5,11:493
10,5,12:523
10,5,13:540
10,5,14:547
10,5,15:456
10,6,0:482
10,6,1:538
10,6,2:531
10,6,3:528
10,6,4:533
10,6,5:486
10,6,6:519
10,6,7:459
10,6,8:517
10,6,9:495
10,6,10:454
10,6,11:536
10,6,12:508
10,6,13:540
10,6,14:591
10,6,15:432
10,7,0:446
10,7,1:573
10,7,2:565
10,7,3:509
10,7,4:507
10,7,5:523
10,7,6:522
10,7,7:504
10,7,8:492
10,7,9:539
10,7,10:530
10,7,11:477
10,7,12:501
10,7,13:500
10,7,14:519
10,7,15:452
10,8,0:473
10,8,1:554
10,8,2:485
10,8,3:547
10,8,4:519
10,8,5:528
10,8,6:532
10,8,7:480
10,8,8:494
10,8,9:543
10,8,10:526
10,8,11:541
10,8,12:531
10,8,13:491
10,8,14:556
10,8,15:443
10,9,0:450
10,9,1:559
10,9,2:555
10,9,3:540
10,9,4:528
10,9,5:516
10,9,6:518
10,9,7:508
10,9,8:530
10,9,9:477
10,9,10:525
10,9,11:506
10,9,12:514
10,9,13:523
10,9,14:563
10,9,15:459
10,10,0:428
10,10,1:571
10,10,2:504
10,10,3:506
10,10,4:502
10,10,5:505
10,10,6:475
10,10,7:522
10,10,8:489
10,10,9:538
10,10,10:544
10,10,11:511
10,10,12:486
10,10,13:486
10,10,14:566
10,10,15:467
10,11,0:438
10,11,1:567
10,11,2:535
10,11,3:553
10,11,4:512
10,11,5:471
10,11,6:515
10,11,7:493
10,11,8:500
10,11,9:544
10,11,10:513
10,11,11:543
10,11,12:493
10,11,13:559
10,11,14:610
10,11,15:441
10,12,0:439
10,12,1:578
10,12,2:582
10,12,3:510
10,12,4:488
10,12,5:531
10,12,6:508
10,12,7:551
10,12,8:526
10,12,9:500
10,12,10:523
10,12,11:493
10,12,12:505
10,12,13:507
10,12,14:572
10,12,15:433
10,13,0:482
10,13,1:572
10,13,2:538
10,13,3:561
10,13,4:522
10,13,5:503
10,13,6:567
10,13,7:507
10,13,8:508
10,13,9:560
10,13,10:485
10,13,11:494
10,13,12:527
10,13,13:502
10,13,14:594
10,13,15:485
10,14,0:501
10,14,1:676
10,14,2:556
10,14,3:559
10,14,4:540
10,14,5:545
10,14,6:528
10,14,7:575
10,14,8:623
10,14,9:552
10,14,10:549
10,14,11:591
10,14,12:586
10,14,13:561
10,14,14:577
10,14,15:532
10,15,0:384
10,15,1:462
10,15,2:473
10,15,3:445
10,15,4:444
10,15,5:427
10,15,6:448
10,15,7:459
10,15,8:426
10,15,9:428
10,15,10:432
10,15,11:465
10,15,12:443
10,15,13:471
10,15,14:459
10,15,15:394
11,0,0:435
11,0,1:499
11,0,2:446
11,0,3:501
11,0,4:440
11,0,5:469
11,0,6:452
11,0,7:472
11,0,8:435
11,0,9:464
11,0,10:432
11,0,11:459
11,0,12:443
11,0,13:470
11,0,14:488
11,0,15:430
11,1,0:473
11,1,1:568
11,1,2:543
11,1,3:554
11,1,4:513
11,1,5:543
11,1,6:606
11,1,7:555
11,1,8:568
11,1,9:509
11,1,10:526
11,1,11:588
11,1,12:524
11,1,13:588
11,1,14:607
11,1,15:489
11,2,0:436
11,2,1:581
11,2,2:531
11,2,3:516
11,2,4:510
11,2,5:482
11,2,6:557
11,2,7:489
11,2,8:522
11,2,9:515
11,2,10:504
11,2,11:531
11,2,12:520
11,2,13:533
11,2,14:599
11,2,15:471
11,3,0:427
11,3,1:581
11,3,2:536
11,3,3:532
11,3,4:514
11,3,5:486
11,3,6:478
11,3,7:550
11,3,8:485
11,3,9:531
11,3,10:509
11,3,11:507
11,3,12:514
11,3,13:511
11,3,14:553
11,3,15:463
11,4,0:421
11,4,1:558
11,4,2:550
11,4,3:513
11,4,4:497
11,4,5:519
11,4,6:489
11,4,7:541
11,4,8:473
11,4,9:555
11,4,10:510
11,4,11:508
11,4,12:513
11,4,13:553
11,4,14:550
11,4,15:482
11,5,0:454
11,5,1:559
11,5,2:513
11,5,3:490
11,5,4:554
11,5,5:490
11,5,6:547
11,5,7:511
11,5,8:486
11,5,9:520
11,5,10:530
11,5,11:544
11,5,12:521
11,5,13:523
11,5,14:545
11,5,15:471
11,6,0:468
11,6,1:547
11,6,2:508
11,6,3:528
11,6,4:519
11,6,5:534
11,6,6:540
11,6,7:529
11,6,8:484
11,6,9:539
11,6,10:547
11,6,11:541
11,6,12:484
11,6,13:546
11,6,14:563
11,6,15:415
11,7,0:441
11,7,1:587
11,7,2:498
11,7,3:528
11,7,4:502
11,7,5:509
11,7,6:509
11,7,7:556
11,7,8:540
11,7,9:493
11,7,10:490
11,7,11:463
11,7,12:487
11,7,13:503
11,7,14:565
11,7,15:461
11,8,0:435
11,8,1:518
11,8,2:518
11,8,3:542
11,8,4:495
11,8,5:498
11,8,6:524
11,8,7:570
11,8,8:487
11,8,9:468
11,8,10:473
11,8,11:513
11,8,12:532
11,8,13:517
11,8,14:555
11,8,15:442
11,9,0:440
11,9,1:551
11,9,2:514
11,9,3:520
11,9,4:495
11,9,5:502
11,9,6:516
11,9,7:524
11,9,8:553
11,9,9:584
11,9,10:503
11,9,11:502
11,9,12:532
11,9,13:531
11,9,14:577
11,9,15:462
11,10,0:480
11,10,1:568
11,10,2:544
11,10,3:515
11,10,4:500
11,10,5:497
11,10,6:511
11,10,7:521
11,10,8:521
11,10,9:494
11,10,10:515
11,10,11:531
11,10,12:510
11,10,13:532
11,10,14:554
11,10,15:407
11,11,0:420
11,11,1:542
11,11,2:493
11,11,3:484
11,11,4:512
11,11,5:530
11,11,6:538
11,11,7:514
11,11,8:494
11,11,9:493
11,11,10:523
11,11,11:491
11,11,12:505
11,11,13:512
11,11,14:561
11,11,15:477
11,12,0:389
11,12,1:596
11,12,2:530
11,12,3:530
11,12,4:536
11,12,5:518
11,12,6:496
11,12,7:492
11,12,8:510
11,12,9:497
11,12,10:511
11,12,11:531
11,12,12:549
11,12,13:522
11,12,14:533
11,12,15:430
11,13,0:485
11,13,1:604
11,13,2:536
11,13,3:538
11,13,4:517
11,13,5:523
11,13,6:501
11,13,7:490
11,13,8:517
11,13,9:519
11,13,10:501
11,13,11:540
11,13,12:540
11,13,13:545
11,13,14:575
11,13,15:482
11,14,0:499
11,14,1:599
11,14,2:543
11,14,3:563
11,14,4:555
11,14,5:580
11,14,6:588
11,14,7:586
11,14,8:577
11,14,9:584
11,14,10:546
11,14,11:541
11,14,12:566
11,14,13:583
11,14,14:582
11,14,15:508
11,15,0:389
11,15,1:475
11,15,2:482
11,15,3:432
11,15,4:416
11,15,5:443
11,15,6:485
11,15,7:497
11,15,8:462
11,15,9:499
11,15,10:415
11,15,11:467
11,15,12:462
11,15,13:445
11,15,14:496
11,15,15:380
12,0,0:433
12,0,1:538
12,0,2:455
12,0,3:469
12,0,4:452
12,0,5:476
12,0,6:463
12,0,7:467
12,0,8:478
12,0,9:436
12,0,10:495
12,0,11:481
12,0,12:451
12,0,13:448
12,0,14:530
12,0,15:405
12,1,0:500
12,1,1:607
12,1,2:569
12,1,3:559
12,1,4:570
12,1,5:585
12,1,6:582
12,1,7:565
12,1,8:534
12,1,9:598
12,1,10:575
12,1,11:596
12,1,12:553
12,1,13:572
12,1,14:626
12,1,15:518
12,2,0:489
12,2,1:598
12,2,2:550
12,2,3:537
12,2,4:514
12,2,5:550
12,2,6:524
12,2,7:557
12,2,8:541
12,2,9:523
12,2,10:537
12,2,11:520
12,2,12:543
12,2,13:527
12,2,14:610
12,2,15:470
12,3,0:424
12,3,1:528
12,3,2:583
12,3,3:532
12,3,4:538
12,3,5:514
12,3,6:551
12,3,7:531
12,3,8:527
12,3,9:550
12,3,10:499
12,3,11:483
12,3,12:491
12,3,13:481
12,3,14:574
12,3,15:504
12,4,0:477
12,4,1:569
12,4,2:506
12,4,3:536
12,4,4:501
12,4,5:522
12,4,6:502
12,4,7:521
12,4,8:507
12,4,9:533
12,4,10:511
12,4,11:500
12,4,12:467
12,4,13:545
12,4,14:576
12,4,15:447
12,5,0:457
12,5,1:567
12,5,2:519
12,5,3:517
12,5,4:558
12,5,5:557
12,5,6:526
12,5,7:513
12,5,8:534
12,5,9:501
12,5,10:593
12,5,11:521
12,5,12:527
12,5,13:492
12,5,14:577
12,5,15:444
12,6,0:437
12,6,1:571
12,6,2:503
12,6,3:528
12,6,4:522
12,6,5:520
12,6,6:506
12,6,7:539
12,6,8:504
12,6,9:518
12,6,10:510
12,6,11:559
12,6,12:577
12,6,13:457
12,6,14:580
12,6,15:494
12,7,0:472
12,7,1:566
12,7,2:562
12,7,3:514
12,7,4:529
12,7,5:536
12,7,6:526
12,7,7:484
12,7,8:528
12,7,9:518
12,7,10:493
12,7,11:517
12,7,12:499
12,7,13:515
12,7,14:556
12,7,15:455
12,8,0:461
12,8,1:574
12,8,2:580
12,8,3:516
12,8,4:503
12,8,5:490
12,8,6:540
12,8,7:516
12,8,8:505
12,8,9:456
12,8,10:515
12,8,11:523
12,8,12:473
12,8,13:533
12,8,14:562
12,8,15:455
12,9,0:425
12,9,1:589
12,9,2:468
12,9,3:532
12,9,4:519
12,9,5:498
12,9,6:501
12,9,7:561
12,9,8:530
12,9,9:503
12,9,10:511
12,9,11:521
12,9,12:535
12,9,13:528
12,9,14:554
12,9,15:489
12,10,0:470
12,10,1:552
12,10,2:520
12,10,3:502
12,10,4:526
12,10,5:519
12,10,6:506
12,10,7:560
12,10,8:526
12,10,9:526
12,10,10:535
12,10,11:497
12,10,12:498
12,10,13:498
12,10,14:550
12,10,15:455
12,11,0:504
12,11,1:583
12,11,2:498
12,11,3:511
12,11,4:520
12,11,5:483
12,11,6:500
12,11,7:480
12,11,8:528
12,11,9:488
12,11,10:544
12,11,11:515
12,11,12:566
12,11,13:519
12,11,14:566
12,11,15:429
12,12,0:443
12,12,1:562
12,12,2:566
12,12,3:502
12,12,4:525
12,12,5:524
12,12,6:540
12,12,7:509
12,12,8:542
12,12,9:503
12,12,10:503
12,12,11:536
12,12,12:501
12,12,13:557
12,12,14:569
12,12,15:474
12,13,0:419
12,13,1:582
12,13,2:524
12,13,3:513
12,13,4:523
12,13,5:531
12,13,6:510
12,13,7:536
12,13,8:532
12,13,9:502
12,13,10:549
12,13,11:540
12,13,12:501
12,13,13:587
12,13,14:623
12,13,15:483
12,14,0:507
12,14,1:612
12,14,2:572
12,14,3:595
12,14,4:556
12,14,5:546
12,14,6:600
12,14,7:536
12,14,8:565
12,14,9:570
12,14,10:541
12,14,11:574
12,14,12:554
12,14,13:594
12,14,14:582
12,14,15:512
12,15,0:376
12,15,1:498
12,15,2:441
12,15,3:441
12,15,4:483
12,15,5:475
12,15,6:454
12,15,7:424
12,15,8:484
12,15,9:433
12,15,10:457
12,15,11:413
12,15,12:444
12,15,13:448
12,15,14:501
12,15,15:399
13,0,0:405
13,0,1:556
13,0,2:544
13,0,3:470
13,0,4:485
13,0,5:466
13,0,6:489
13,0,7:461
13,0,8:472
13,0,9:458
13,0,10:453
13,0,11:496
13,0,12:468
13,0,13:523
13,0,14:567
13,0,15:418
13,1,0:504
13,1,1:608
13,1,2:610
13,1,3:592
13,1,4:604
13,1,5:574
13,1,6:573
13,1,7:619
13,1,8:584
13,1,9:575
13,1,10:569
13,1,11:565
13,1,12:659
13,1,13:583
13,1,14:665
13,1,15:525
13,2,0:479
13,2,1:645
13,2,2:550
13,2,3:566
13,2,4:547
13,2,5:562
13,2,6:544
13,2,7:602
13,2,8:554
13,2,9:552
13,2,10:576
13,2,11:535
13,2,12:561
13,2,13:576
13,2,14:641
13,2,15:479
13,3,0:494
13,3,1:643
13,3,2:557
13,3,3:548
13,3,4:545
13,3,5:565
13,3,6:556
13,3,7:558
13,3,8:585
13,3,9:560
13,3,10:614
13,3,11:533
13,3,12:542
13,3,13:529
13,3,14:548
13,3,15:484
13,4,0:448
13,4,1:600
13,4,2:552
13,4,3:558
13,4,4:567
13,4,5:572
13,4,6:532
13,4,7:526
13,4,8:552
13,4,9:544
13,4,10:552
13,4,11:589
13,4,12:570
13,4,13:584
13,4,14:576
13,4,15:504
13,5,0:468
13,5,1:580
13,5,2:575
13,5,3:532
13,5,4:549
13,5,5:562
13,5,6:564
13,5,7:549
13,5,8:545
13,5,9:568
13,5,10:571
13,5,11:523
13,5,12:558
13,5,13:604
13,5,14:632
13,5,15:428
13,6,0:481
13,6,1:551
13,6,2:573
13,6,3:538
13,6,4:571
13,6,5:534
13,6,6:561
13,6,7:577
13,6,8:520
13,6,9:569
13,6,10:597
13,6,11:546
13,6,12:569
13,6,13:582
13,6,14:603
13,6,15:474
13,7,0:433
13,7,1:602
13,7,2:546
13,7,3:575
13,7,4:545
13,7,5:550
13,7,6:544
13,7,7:538
13,7,8:606
13,7,9:583
13,7,10:567
13,7,11:523
13,7,12:563
13,7,13:585
13,7,14:556
13,7,15:505
13,8,0:471
13,8,1:624
13,8,2:576
13,8,3:552
13,8,4:526
13,8,5:562
13,8,6:555
13,8,7:552
13,8,8:528
13,8,9:539
13,8,10:570
13,8,11:568
13,8,12:550
13,8,13:557
13,8,14:584
13,8,15:455
13,9,0:485
13,9,1:632
13,9,2:591
13,9,3:548
13,9,4:491
13,9,5:556
13,9,6:525
13,9,7:545
13,9,8:546
13,9,9:552
13,9,10:587
13,9,11:570
13,9,12:556
13,9,13:582
13,9,14:629
13,9,15:448
13,10,0:439
13,10,1:590
13,10,2:556
13,10,3:583
13,10,4:560
13,10,5:542
13,10,6:545
13,10,7:575
13,10,8:538
13,10,9:559
13,10,10:594
13,10,11:506
13,10,12:553
13,10,13:514
13,10,14:627
13,10,15:467
13,11,0:483
13,11,1:653
13,11,2:538
13,11,3:606
13,11,4:515
13,11,5:579
13,11,6:526
13,11,7:530
13,11,8:562
13,11,9:555
13,11,10:582
13,11,11:547
13,11,12:575
13,11,13:590
13,11,14:642
13,11,15:456
13,12,0:543
13,12,1:609
13,12,2:567
13,12,3:582
13,12,4:551
13,12,5:562
13,12,6:534
13,12,7:531
13,12,8:566
13,12,9:509
13,12,10:560
13,12,11:542
13,12,12:583
13,12,13:552
13,12,14:599
13,12,15:476
13,13,0:466
13,13,1:641
13,13,2:578
13,13,3:594
13,13,4:618
13,13,5:611
13,13,6:584
13,13,7:547
13,13,8:567
13,13,9:581
13,13,10:601
13,13,11:586
13,13,12:587
13,13,13:550
13,13,14:609
13,13,15:451
13,14,0:500
13,14,1:655
13,14,2:600
13,14,3:590
13,14,4:541
13,14,5:592
13,14,6:643
13,14,7:594
13,14,8:605
13,14,9:639
13,14,10:543
13,14,11:575
13,14,12:634
13,14,13:622
13,14,14:631
13,14,15:520
13,15,0:440
13,15,1:536
13,15,2:486
13,15,3:491
13,15,4:505
13,15,5:493
13,15,6:466
13,15,7:456
13,15,8:463
13,15,9:493
13,15,10:436
13,15,11:488
13,15,12:491
13,15,13:485
13,15,14:537
13,15,15:385
14,0,0:514
14,0,1:595
14,0,2:588
14,0,3:549
14,0,4:580
14,0,5:572
14,0,6:611
14,0,7:549
14,0,8:554
14,0,9:578
14,0,10:561
14,0,11:557
14,0,12:573
14,0,13:580
14,0,14:626
14,0,15:546
14,1,0:632
14,1,1:751
14,1,2:714
14,1,3:720
14,1,4:697
14,1,5:697
14,1,6:649
14,1,7:721
14,1,8:724
14,1,9:719
14,1,10:731
14,1,11:737
14,1,12:736
14,1,13:707
14,1,14:710
14,1,15:597
14,2,0:599
14,2,1:704
14,2,2:707
14,2,3:648
14,2,4:668
14,2,5:698
14,2,6:676
14,2,7:696
14,2,8:698
14,2,9:654
14,2,10:673
14,2,11:633
14,2,12:630
14,2,13:685
14,2,14:705
14,2,15:592
14,3,0:565
14,3,1:723
14,3,2:702
14,3,3:673
14,3,4:667
14,3,5:644
14,3,6:637
14,3,7:700
14,3,8:652
14,3,9:645
14,3,10:645
14,3,11:648
14,3,12:724
14,3,13:656
14,3,14:678
14,3,15:581
14,4,0:553
14,4,1:710
14,4,2:692
14,4,3:653
14,4,4:679
14,4,5:685
14,4,6:635
14,4,7:676
14,4,8:642
14,4,9:673
14,4,10:681
14,4,11:630
14,4,12:648
14,4,13:661
14,4,14:702
14,4,15:523
14,5,0:555
14,5,1:658
14,5,2:675
14,5,3:654
14,5,4:689
14,5,5:659
14,5,6:602
14,5,7:626
14,5,8:684
14,5,9:675
14,5,10:672
14,5,11:659
14,5,12:696
14,5,13:690
14,5,14:665
14,5,15:579
14,6,0:562
14,6,1:760
14,6,2:681
14,6,3:646
14,6,4:664
14,6,5:656
14,6,6:634
14,6,7:627
14,6,8:641
14,6,9:643
14,6,10:643
14,6,11:648
14,6,12:677
14,6,13:680
14,6,14:699
14,6,15:550
14,7,0:598
14,7,1:687
14,7,2:679
14,7,3:687
14,7,4:643
14,7,5:646
14,7,6:637
14,7,7:659
14,7,8:611
14,7,9:644
14,7,10:673
14,7,11:636
14,7,12:678
14,7,13:671
14,7,14:733
14,7,15:569
14,8,0:553
14,8,1:698
14,8,2:656
14,8,3:684
14,8,4:690
14,8,5:711
14,8,6:666
14,8,7:618
14,8,8:622
14,8,9:628
14,8,10:656
14,8,11:653
14,8,12:675
14,8,13:676
14,8,14:699
14,8,15:576
14,9,0:544
14,9,1:680
14,9,2:633
14,9,3:666
14,9,4:655
14,9,5:652
14,9,6:653
14,9,7:697
14,9,8:671
14,9,9:637
14,9,10:672
14,9,11:629
14,9,12:631
14,9,13:717
14,9,14:705
14,9,15:585
14,10,0:607
14,10,1:669
14,10,2:688
14,10,3:673
14,10,4:655
14,10,5:680
14,10,6:656
14,10,7:645
14,10,8:678
14,10,9:647
14,10,10:631
14,10,11:642
14,10,12:646
14,10,13:691
14,10,14:690
14,10,15:564
14,11,0:570
14,11,1:716
14,11,2:679
14,11,3:654
14,11,4:661
14,11,5:681
14,11,6:663
14,11,7:672
14,11,8:659
14,11,9:669
14,11,10:644
14,11,11:628
14,11,12:655
14,11,13:687
14,11,14:722
14,11,15:573
14,12,0:556
14,12,1:719
14,12,2:617
14,12,3:635
14,12,4:619
14,12,5:667
14,12,6:639
14,12,7:669
14,12,8:655
14,12,9:618
14,12,10:708
14,12,11:667
14,12,12:638
14,12,13:638
14,12,14:712
14,12,15:569
14,13,0:587
14,13,1:740
14,13,2:684
14,13,3:699
14,13,4:629
14,13,5:651
14,13,6:658
14,13,7:693
14,13,8:645
14,13,9:643
14,13,10:707
14,13,11:628
14,13,12:674
14,13,13:615
14,13,14:701
14,13,15:565
14,14,0:602
14,14,1:726
14,14,2:691
14,14,3:715
14,14,4:667
14,14,5:671
14,14,6:698
14,14,7:716
14,14,8:754
14,14,9:732
14,14,10:674
14,14,11:694
14,14,12:692
14,14,13:724
14,14,14:749
14,14,15:612
14,15,0:499
14,15,1:545
14,15,2:620
14,15,3:572
14,15,4:560
14,15,5:602
14,15,6:498
14,15,7:518
14,15,8:598
14,15,9:555
14,15,10:551
14,15,11:576
14,15,12:552
14,15,13:555
14,15,14:577
14,15,15:511
15,0,0:433
15,0,1:524
15,0,2:467
15,0,3:460
15,0,4:456
15,0,5:486
15,0,6:505
15,0,7:449
15,0,8:476
15,0,9:489
15,0,10:494
15,0,11:484
15,0,12:463
15,0,13:478
15,0,14:513
15,0,15:422
15,1,0:508
15,1,1:599
15,1,2:595
15,1,3:630
15,1,4:561
15,1,5:592
15,1,6:595
15,1,7:629
15,1,8:591
15,1,9:586
15,1,10:627
15,1,11:590
15,1,12:596
15,1,13:588
15,1,14:627
15,1,15:465
15,2,0:513
15,2,1:567
15,2,2:600
15,2,3:604
15,2,4:621
15,2,5:510
15,2,6:581
15,2,7:574
15,2,8:552
15,2,9:550
15,2,10:558
15,2,11:565
15,2,12:532
15,2,13:525
15,2,14:626
15,2,15:498
15,3,0:476
15,3,1:617
15,3,2:532
15,3,3:592
15,3,4:546
15,3,5:532
15,3,6:550
15,3,7:537
15,3,8:580
15,3,9:570
15,3,10:600
15,3,11:568
15,3,12:580
15,3,13:547
15,3,14:619
15,3,15:473
15,4,0:458
15,4,1:620
15,4,2:552
15,4,3:586
15,4,4:554
15,4,5:557
15,4,6:590
15,4,7:592
15,4,8:598
15,4,9:531
15,4,10:588
15,4,11:580
15,4,12:543
15,4,13:586
15,4,14:607
15,4,15:481
15,5,0:523
15,5,1:623
15,5,2:569
15,5,3:582
15,5,4:540
15,5,5:553
15,5,6:581
15,5,7:594
15,5,8:578
15,5,9:526
15,5,10:558
15,5,11:567
15,5,12:568
15,5,13:586
15,5,14:597
15,5,15:493
15,6,0:503
15,6,1:602
15,6,2:570
15,6,3:512
15,6,4:575
15,6,5:563
15,6,6:610
15,6,7:612
15,6,8:544
15,6,9:561
15,6,10:615
15,6,11:530
15,6,12:589
15,6,13:560
15,6,14:629
15,6,15:504
15,7,0:465
15,7,1:568
15,7,2:572
15,7,3:539
15,7,4:582
15,7,5:546
15,7,6:535
15,7,7:543
15,7,8:588
15,7,9:588
15,7,10:571
15,7,11:543
15,7,12:574
15,7,13:571
15,7,14:620
15,7,15:472
15,8,0:482
15,8,1:564
15,8,2:583
15,8,3:568
15,8,4:562
15,8,5:528
15,8,6:591
15,8,7:487
15,8,8:567
15,8,9:537
15,8,10:589
15,8,11:593
15,8,12:526
15,8,13:586
15,8,14:632
15,8,15:476
15,9,0:471
15,9,1:622
15,9,2:581
15,9,3:548
15,9,4:564
15,9,5:602
15,9,6:543
15,9,7:553
15,9,8:612
15,9,9:530
15,9,10:573
15,9,11:549
15,9,12:544
15,9,13:589
15,9,14:615
15,9,15:518
15,10,0:442
15,10,1:584
15,10,2:588
15,10,3:544
15,10,4:587
15,10,5:575
15,10,6:550
15,10,7:539
15,10,8:551
15,10,9:604
15,10,10:575
15,10,11:557
15,10,12:561
15,10,13:595
15,10,14:569
15,10,15:460
15,11,0:467
15,11,1:587
15,11,2:587
15,11,3:556
15,11,4:564
15,11,5:545
15,11,6:532
15,11,7:596
15,11,8:601
15,11,9:578
15,11,10:521
15,11,11:568
15,11,12:561
15,11,13:562
15,11,14:594
15,11,15:473
15,12,0:496
15,12,1:571
15,12,2:575
15,12,3:579
15,12,4:580
15,12,5:598
15,12,6:572
15,12,7:574
15,12,8:556
15,12,9:624
15,12,10:540
15,12,11:557
15,12,12:545
15,12,13:589
15,12,14:599
15,12,15:486
15,13,0:494
15,13,1:582
15,13,2:552
15,13,3:584
15,13,4:567
15,13,5:573
15,13,6:588
15,13,7:606
15,13,8:543
15,13,9:586
15,13,10:553
15,13,11:568
15,13,12:559
15,13,13:583
15,13,14:600
15,13,15:480
15,14,0:534
15,14,1:615
15,14,2:580
15,14,3:625
15,14,4:604
15,14,5:599
15,14,6:587
15,14,7:600
15,14,8:578
15,14,9:578
15,14,10:623
15,14,11:580
15,14,12:594
15,14,13:616
15,14,14:616
15,14,15:513
15,15,0:413
15,15,1:508
15,15,2:463
15,15,3:484
15,15,4:459
15,15,5:487
15,15,6:515
15,15,7:435
15,15,8:502
15,15,9:474
15,15,10:467
15,15,11:452
15,15,12:483
15,15,13:482
15,15,14:463
15,15,15:390

Total: 2097152
