[16,16,16]
0,0,0:13
0,0,1:15
0,0,2:31
0,0,3:34
0,0,4:30
0,0,5:22
0,0,6:29
0,0,7:28
0,0,8:33
0,0,9:31
0,0,10:38
0,0,11:23
0,0,12:39
0,0,13:25
0,0,14:15
0,0,15:8
0,1,0:17
0,1,1:22
0,1,2:27
0,1,3:51
0,1,4:38
0,1,5:34
0,1,6:48
0,1,7:31
0,1,8:38
0,1,9:42
0,1,10:39
0,1,11:34
0,1,12:51
0,1,13:27
0,1,14:20
0,1,15:9
0,2,0:16
0,2,1:19
0,2,2:37
0,2,3:37
0,2,4:36
0,2,5:38
0,2,6:42
0,2,7:42
0,2,8:46
0,2,9:39
0,2,10:46
0,2,11:41
0,2,12:37
0,2,13:38
0,2,14:22
0,2,15:12
0,3,0:22
0,3,1:42
0,3,2:35
0,3,3:29
0,3,4:41
0,3,5:41
0,3,6:45
0,3,7:45
0,3,8:49
0,3,9:37
0,3,10:35
0,3,11:39
0,3,12:30
0,3,13:38
0,3,14:31
0,3,15:15
0,4,0:14
0,4,1:27
0,4,2:39
0,4,3:37
0,4,4:37
0,4,5:39
0,4,6:45
0,4,7:48
0,4,8:43
0,4,9:51
0,4,10:37
0,4,11:41
0,4,12:30
0,4,13:23
0,4,14:28
0,4,15:13
0,5,0:16
0,5,1:32
0,5,2:26
0,5,3:32
0,5,4:31
0,5,5:38
0,5,6:29
0,5,7:41
0,5,8:48
0,5,9:37
0,5,10:29
0,5,11:27
0,5,12:28
0,5,13:36
0,5,14:21
0,5,15:14
0,6,0:10
0,6,1:23
0,6,2:28
0,6,3:24
0,6,4:34
0,6,5:28
0,6,6:38
0,6,7:32
0,6,8:46
0,6,9:34
0,6,10:39
0,6,11:29
0,6,12:25
0,6,13:40
0,6,14:20
0,6,15:11
0,7,0:12
0,7,1:20
0,7,2:21
0,7,3:21
0,7,4:17
0,7,5:29
0,7,6:22
0,7,7:28
0,7,8:23
0,7,9:27
0,7,10:31
0,7,11:28
0,7,12:29
0,7,13:26
0,7,14:21
0,7,15:10
0,8,0:13
0,8,1:28
0,8,2:18
0,8,3:21
0,8,4:25
0,8,5:28
0,8,6:18
0,8,7:25
0,8,8:32
0,8,9:29
0,8,10:24
0,8,11:25
0,8,12:27
0,8,13:36
0,8,14:36
0,8,15:18
0,9,0:9
0,9,1:17
0,9,2:28
0,9,3:22
0,9,4:36
0,9,5:23
0,9,6:25
0,9,7:30
0,9,8:23
0,9,9:11
0,9,10:21
0,9,11:21
0,9,12:19
0,9,13:23
0,9,14:17
0,9,15:7
0,10,0:9
0,10,1:14
0,10,2:22
0,10,3:31
0,10,4:24
0,10,5:25
0,10,6:19
0,10,7:19
0,10,8:14
0,10,9:24
0,10,10:16
0,10,11:18
0,10,12:28
0,10,13:22
0,10,14:19
0,10,15:15
0,11,0:18
0,11,1:18
0,11,2:24
0,11,3:22
0,11,4:18
0,11,5:21
0,11,6:21
0,11,7:29
0,11,8:22
0,11,9:25
0,11,10:16
0,11,11:17
0,11,12:17
0,11,13:27
0,11,14:18
0,11,15:16
0,12,0:17
0,12,1:16
0,12,2:22
0,12,3:23
0,12,4:26
0,12,5:22
0,12,6:15
0,12,7:23
0,12,8:28
0,12,9:18
0,12,10:23
0,12,11:25
0,12,12:21
0,12,13:20
0,12,14:23
0,12,15:11
0,13,0:16
0,13,1:33
0,13,2:32
0,13,3:29
0,13,4:30
0,13,5:23
0,13,6:22
0,13,7:26
0,13,8:24
0,13,9:35
0,13,10:29
0,13,11:32
0,13,12:31
0,13,13:30
0,13,14:20
0,13,15:16
0,14,0:15
0,14,1:16
0,14,2:26
0,14,3:29
0,14,4:27
0,14,5:24
0,14,6:27
0,14,7:24
0,14,8:37
0,14,9:30
0,14,10:25
0,14,11:37
0,14,12:38
0,14,13:28
0,14,14:23
0,14,15:20
0,15,0:10
0,15,1:15
0,15,2:22
0,15,3:30
0,15,4:41
0,15,5:30
0,15,6:36
0,15,7:24
0,15,8:26
0,15,9:31
0,15,10:30
0,15,11:29
0,15,12:29
0,15,13:21
0,15,14:18
0,15,15:8
1,0,0:11
1,0,1:23
1,0,2:36
1,0,3:29
1,0,4:44
1,0,5:25
1,0,6:17
1,0,7:28
1,0,8:31
1,0,9:29
1,0,10:34
1,0,11:37
1,0,12:41
1,0,13:31
1,0,14:27
1,0,15:19
1,1,0:24
1,1,1:38
1,1,2:49
1,1,3:52
1,1,4:37
1,1,5:50
1,1,6:27
1,1,7:39
1,1,8:39
1,1,9:51
1,1,10:43
1,1,11:45
1,1,12:62
1,1,13:49
1,1,14:37
1,1,15:17
1,2,0:24
1,2,1:46
1,2,2:60
1,2,3:64
1,2,4:46
1,2,5:51
1,2,6:58
1,2,7:52
1,2,8:65
1,2,9:55
1,2,10:55
1,2,11:46
1,2,12:57
1,2,13:65
1,2,14:41
1,2,15:26
1,3,0:23
1,3,1:51
1,3,2:75
1,3,3:67
1,3,4:81
1,3,5:72
1,3,6:79
1,3,7:91
1,3,8:71
1,3,9:90
1,3,10:74
1,3,11:61
1,3,12:58
1,3,13:72
1,3,14:53
1,3,15:29
1,4,0:20
1,4,1:37
1,4,2:63
1,4,3:63
1,4,4:59
1,4,5:80
1,4,6:89
1,4,7:92
1,4,8:84
1,4,9:70
1,4,10:86
1,4,11:64
1,4,12:60
1,4,13:66
1,4,14:40
1,4,15:33
1,5,0:22
1,5,1:37
1,5,2:52
1,5,3:61
1,5,4:68
1,5,5:81
1,5,6:68
1,5,7:119
1,5,8:117
1,5,9:99
1,5,10:64
1,5,11:61
1,5,12:58
1,5,13:52
1,5,14:39
1,5,15:16
1,6,0:22
1,6,1:39
1,6,2:61
1,6,3:54
1,6,4:65
1,6,5:69
1,6,6:60
1,6,7:65
1,6,8:86
1,6,9:65
1,6,10:64
1,6,11:54
1,6,12:46
1,6,13:52
1,6,14:47
1,6,15:30
1,7,0:24
1,7,1:36
1,7,2:42
1,7,3:52
1,7,4:32
1,7,5:49
1,7,6:50
1,7,7:82
1,7,8:74
1,7,9:53
1,7,10:63
1,7,11:44
1,7,12:46
1,7,13:43
1,7,14:30
1,7,15:29
1,8,0:14
1,8,1:30
1,8,2:41
1,8,3:47
1,8,4:32
1,8,5:41
1,8,6:41
1,8,7:59
1,8,8:59
1,8,9:50
1,8,10:53
1,8,11:42
1,8,12:37
1,8,13:48
1,8,14:33
1,8,15:20
1,9,0:20
1,9,1:22
1,9,2:46
1,9,3:39
1,9,4:40
1,9,5:46
1,9,6:51
1,9,7:54
1,9,8:40
1,9,9:49
1,9,10:32
1,9,11:38
1,9,12:27
1,9,13:49
1,9,14:38
1,9,15:17
1,10,0:17
1,10,1:25
1,10,2:38
1,10,3:38
1,10,4:35
1,10,5:37
1,10,6:41
1,10,7:53
1,10,8:50
1,10,9:29
1,10,10:39
1,10,11:49
1,10,12:41
1,10,13:49
1,10,14:37
1,10,15:18
1,11,0:11
1,11,1:33
1,11,2:35
1,11,3:43
1,11,4:39
1,11,5:38
1,11,6:30
1,11,7:48
1,11,8:41
1,11,9:48
1,11,10:42
1,11,11:39
1,11,12:38
1,11,13:48
1,11,14:38
1,11,15:16
1,12,0:19
1,12,1:33
1,12,2:24
1,12,3:45
1,12,4:38
1,12,5:32
1,12,6:38
1,12,7:42
1,12,8:38
1,12,9:31
1,12,10:29
1,12,11:40
1,12,12:27
1,12,13:36
1,12,14:37
1,12,15:11
1,13,0:38
1,13,1:35
1,13,2:41
1,13,3:50
1,13,4:27
1,13,5:43
1,13,6:45
1,13,7:40
1,13,8:39
1,13,9:35
1,13,10:38
1,13,11:34
1,13,12:41
1,13,13:73
1,13,14:38
1,13,15:27
1,14,0:24
1,14,1:47
1,14,2:51
1,14,3:50
1,14,4:44
1,14,5:32
1,14,6:49
1,14,7:46
1,14,8:38
1,14,9:44
1,14,10:37
1,14,11:38
1,14,12:45
1,14,13:49
1,14,14:39
1,14,15:23
1,15,0:11
1,15,1:23
1,15,2:36
1,15,3:34
1,15,4:25
1,15,5:39
1,15,6:39
1,15,7:34
1,15,8:42
1,15,9:50
1,15,10:25
1,15,11:37
1,15,12:37
1,15,13:37
1,15,14:24
1,15,15:9
2,0,0:18
2,0,1:22
2,0,2:30
2,0,3:31
2,0,4:28
2,0,5:24
2,0,6:19
2,0,7:24
2,0,8:24
2,0,9:19
2,0,10:22
2,0,11:26
2,0,12:28
2,0,13:36
2,0,14:22
2,0,15:12
2,1,0:23
2,1,1:29
2,1,2:37
2,1,3:43
2,1,4:37
2,1,5:31
2,1,6:35
2,1,7:34
2,1,8:45
2,1,9:42
2,1,10:30
2,1,11:40
2,1,12:43
2,1,13:47
2,1,14:29
2,1,15:11
2,2,0:23
2,2,1:36
2,2,2:68
2,2,3:64
2,2,4:52
2,2,5:57
2,2,6:63
2,2,7:80
2,2,8:94
2,2,9:84
2,2,10:60
2,2,11:32
2,2,12:56
2,2,13:84
2,2,14:42
2,2,15:30
2,3,0:27
2,3,1:51
2,3,2:58
2,3,3:62
2,3,4:71
2,3,5:101
2,3,6:122
2,3,7:145
2,3,8:127
2,3,9:128
2,3,10:97
2,3,11:60
2,3,12:77
2,3,13:96
2,3,14:62
2,3,15:32
2,4,0:22
2,4,1:32
2,4,2:81
2,4,3:86
2,4,4:90
2,4,5:90
2,4,6:143
2,4,7:151
2,4,8:152
2,4,9:127
2,4,10:119
2,4,11:74
2,4,12:83
2,4,13:96
2,4,14:55
2,4,15:25
2,5,0:21
2,5,1:51
2,5,2:59
2,5,3:70
2,5,4:74
2,5,5:101
2,5,6:123
2,5,7:149
2,5,8:129
2,5,9:127
2,5,10:102
2,5,11:80
2,5,12:85
2,5,13:71
2,5,14:58
2,5,15:25
2,6,0:21
2,6,1:54
2,6,2:72
2,6,3:90
2,6,4:79
2,6,5:112
2,6,6:151
2,6,7:166
2,6,8:154
2,6,9:129
2,6,10:95
2,6,11:65
2,6,12:69
2,6,13:77
2,6,14:52
2,6,15:22
2,7,0:21
2,7,1:46
2,7,2:85
2,7,3:72
2,7,4:51
2,7,5:90
2,7,6:126
2,7,7:160
2,7,8:153
2,7,9:129
2,7,10:100
2,7,11:67
2,7,12:69
2,7,13:54
2,7,14:39
2,7,15:16
2,8,0:20
2,8,1:46
2,8,2:67
2,8,3:65
2,8,4:69
2,8,5:84
2,8,6:116
2,8,7:150
2,8,8:151
2,8,9:99
2,8,10:90
2,8,11:71
2,8,12:70
2,8,13:64
2,8,14:50
2,8,15:16
2,9,0:25
2,9,1:40
2,9,2:60
2,9,3:76
2,9,4:61
2,9,5:56
2,9,6:111
2,9,7:144
2,9,8:123
2,9,9:100
2,9,10:73
2,9,11:54
2,9,12:68
2,9,13:65
2,9,14:41
2,9,15:23
2,10,0:21
2,10,1:32
2,10,2:55
2,10,3:58
2,10,4:48
2,10,5:66
2,10,6:113
2,10,7:131
2,10,8:123
2,10,9:87
2,10,10:64
2,10,11:47
2,10,12:54
2,10,13:57
2,10,14:33
2,10,15:11
2,11,0:17
2,11,1:29
2,11,2:54
2,11,3:61
2,11,4:49
2,11,5:53
2,11,6:87
2,11,7:114
2,11,8:122
2,11,9:93
2,11,10:66
2,11,11:47
2,11,12:46
2,11,13:68
2,11,14:38
2,11,15:21
2,12,0:29
2,12,1:32
2,12,2:54
2,12,3:44
2,12,4:35
2,12,5:59
2,12,6:83
2,12,7:106
2,12,8:100
2,12,9:83
2,12,10:49
2,12,11:47
2,12,12:49
2,12,13:69
2,12,14:28
2,12,15:27
2,13,0:26
2,13,1:53
2,13,2:60
2,13,3:79
2,13,4:47
2,13,5:62
2,13,6:87
2,13,7:67
2,13,8:83
2,13,9:63
2,13,10:53
2,13,11:36
2,13,12:58
2,13,13:80
2,13,14:32
2,13,15:27
2,14,0:24
2,14,1:44
2,14,2:56
2,14,3:69
2,14,4:63
2,14,5:44
2,14,6:56
2,14,7:80
2,14,8:57
2,14,9:61
2,14,10:43
2,14,11:48
2,14,12:57
2,14,13:59
2,14,14:31
2,14,15:24
2,15,0:14
2,15,1:31
2,15,2:39
2,15,3:41
2,15,4:42
2,15,5:35
2,15,6:46
2,15,7:44
2,15,8:38
2,15,9:49
2,15,10:39
2,15,11:47
2,15,12:36
2,15,13:38
2,15,14:28
2,15,15:13
3,0,0:13
3,0,1:24
3,0,2:28
3,0,3:15
3,0,4:21
3,0,5:31
3,0,6:29
3,0,7:17
3,0,8:33
3,0,9:15
3,0,10:16
3,0,11:23
3,0,12:28
3,0,13:23
3,0,14:20
3,0,15:18
3,1,0:18
3,1,1:40
3,1,2:51
3,1,3:53
3,1,4:28
3,1,5:34
3,1,6:29
3,1,7:38
3,1,8:34
3,1,9:33
3,1,10:29
3,1,11:36
3,1,12:35
3,1,13:45
3,1,14:20
3,1,15:16
3,2,0:32
3,2,1:37
3,2,2:79
3,2,3:57
3,2,4:37
3,2,5:64
3,2,6:80
3,2,7:83
3,2,8:104
3,2,9:73
3,2,10:51
3,2,11:42
3,2,12:65
3,2,13:48
3,2,14:32
3,2,15:22
3,3,0:27
3,3,1:46
3,3,2:86
3,3,3:48
3,3,4:50
3,3,5:112
3,3,6:136
3,3,7:150
3,3,8:137
3,3,9:124
3,3,10:121
3,3,11:48
3,3,12:78
3,3,13:81
3,3,14:43
3,3,15:15
3,4,0:16
3,4,1:50
3,4,2:92
3,4,3:81
3,4,4:72
3,4,5:159
3,4,6:156
3,4,7:168
3,4,8:153
3,4,9:135
3,4,10:136
3,4,11:90
3,4,12:78
3,4,13:98
3,4,14:46
3,4,15:11
3,5,0:21
3,5,1:35
3,5,2:71
3,5,3:74
3,5,4:95
3,5,5:132
3,5,6:136
3,5,7:148
3,5,8:143
3,5,9:148
3,5,10:147
3,5,11:81
3,5,12:97
3,5,13:74
3,5,14:58
3,5,15:18
3,6,0:14
3,6,1:51
3,6,2:72
3,6,3:101
3,6,4:92
3,6,5:125
3,6,6:148
3,6,7:148
3,6,8:139
3,6,9:171
3,6,10:118
3,6,11:101
3,6,12:91
3,6,13:80
3,6,14:41
3,6,15:18
3,7,0:13
3,7,1:43
3,7,2:72
3,7,3:101
3,7,4:91
3,7,5:123
3,7,6:165
3,7,7:142
3,7,8:160
3,7,9:152
3,7,10:114
3,7,11:85
3,7,12:106
3,7,13:82
3,7,14:42
3,7,15:13
3,8,0:18
3,8,1:50
3,8,2:85
3,8,3:99
3,8,4:83
3,8,5:116
3,8,6:135
3,8,7:181
3,8,8:165
3,8,9:152
3,8,10:116
3,8,11:74
3,8,12:85
3,8,13:75
3,8,14:37
3,8,15:20
3,9,0:10
3,9,1:47
3,9,2:66
3,9,3:77
3,9,4:84
3,9,5:97
3,9,6:134
3,9,7:142
3,9,8:151
3,9,9:149
3,9,10:105
3,9,11:74
3,9,12:91
3,9,13:68
3,9,14:43
3,9,15:9
3,10,0:15
3,10,1:48
3,10,2:64
3,10,3:95
3,10,4:74
3,10,5:95
3,10,6:148
3,10,7:139
3,10,8:179
3,10,9:163
3,10,10:122
3,10,11:78
3,10,12:80
3,10,13:78
3,10,14:32
3,10,15:12
3,11,0:16
3,11,1:35
3,11,2:67
3,11,3:76
3,11,4:54
3,11,5:114
3,11,6:154
3,11,7:144
3,11,8:139
3,11,9:146
3,11,10:120
3,11,11:60
3,11,12:74
3,11,13:66
3,11,14:39
3,11,15:23
3,12,0:15
3,12,1:37
3,12,2:82
3,12,3:61
3,12,4:51
3,12,5:128
3,12,6:131
3,12,7:155
3,12,8:134
3,12,9:141
3,12,10:105
3,12,11:55
3,12,12:77
3,12,13:72
3,12,14:46
3,12,15:19
3,13,0:26
3,13,1:52
3,13,2:86
3,13,3:68
3,13,4:60
3,13,5:94
3,13,6:133
3,13,7:144
3,13,8:130
3,13,9:116
3,13,10:91
3,13,11:70
3,13,12:70
3,13,13:68
3,13,14:48
3,13,15:29
3,14,0:29
3,14,1:41
3,14,2:72
3,14,3:65
3,14,4:63
3,14,5:53
3,14,6:81
3,14,7:94
3,14,8:79
3,14,9:78
3,14,10:61
3,14,11:68
3,14,12:59
3,14,13:60
3,14,14:50
3,14,15:22
3,15,0:10
3,15,1:32
3,15,2:39
3,15,3:48
3,15,4:38
3,15,5:41
3,15,6:46
3,15,7:47
3,15,8:54
3,15,9:39
3,15,10:40
3,15,11:50
3,15,12:44
3,15,13:29
3,15,14:30
3,15,15:9
4,0,0:8
4,0,1:19
4,0,2:24
4,0,3:27
4,0,4:25
4,0,5:19
4,0,6:28
4,0,7:17
4,0,8:21
4,0,9:33
4,0,10:18
4,0,11:29
4,0,12:22
4,0,13:21
4,0,14:18
4,0,15:11
4,1,0:25
4,1,1:27
4,1,2:29
4,1,3:44
4,1,4:39
4,1,5:32
4,1,6:49
4,1,7:30
4,1,8:44
4,1,9:52
4,1,10:35
4,1,11:31
4,1,12:33
4,1,13:36
4,1,14:38
4,1,15:25
4,2,0:21
4,2,1:35
4,2,2:48
4,2,3:52
4,2,4:38
4,2,5:80
4,2,6:106
4,2,7:110
4,2,8:108
4,2,9:88
4,2,10:53
4,2,11:54
4,2,12:63
4,2,13:63
4,2,14:44
4,2,15:12
4,3,0:21
4,3,1:42
4,3,2:73
4,3,3:72
4,3,4:52
4,3,5:93
4,3,6:143
4,3,7:156
4,3,8:148
4,3,9:153
4,3,10:99
4,3,11:63
4,3,12:79
4,3,13:68
4,3,14:41
4,3,15:22
4,4,0:19
4,4,1:51
4,4,2:82
4,4,3:70
4,4,4:64
4,4,5:146
4,4,6:152
4,4,7:156
4,4,8:133
4,4,9:158
4,4,10:149
4,4,11:75
4,4,12:72
4,4,13:60
4,4,14:43
4,4,15:17
4,5,0:22
4,5,1:36
4,5,2:44
4,5,3:91
4,5,4:91
4,5,5:134
4,5,6:119
4,5,7:138
4,5,8:170
4,5,9:163
4,5,10:163
4,5,11:81
4,5,12:92
4,5,13:63
4,5,14:37
4,5,15:14
4,6,0:21
4,6,1:39
4,6,2:87
4,6,3:96
4,6,4:111
4,6,5:138
4,6,6:144
4,6,7:155
4,6,8:129
4,6,9:149
4,6,10:116
4,6,11:117
4,6,12:89
4,6,13:67
4,6,14:43
4,6,15:14
4,7,0:12
4,7,1:34
4,7,2:74
4,7,3:92
4,7,4:96
4,7,5:147
4,7,6:158
4,7,7:156
4,7,8:140
4,7,9:130
4,7,10:131
4,7,11:111
4,7,12:105
4,7,13:77
4,7,14:35
4,7,15:12
4,8,0:17
4,8,1:29
4,8,2:95
4,8,3:131
4,8,4:82
4,8,5:108
4,8,6:153
4,8,7:158
4,8,8:167
4,8,9:140
4,8,10:116
4,8,11:94
4,8,12:100
4,8,13:64
4,8,14:32
4,8,15:17
4,9,0:16
4,9,1:41
4,9,2:74
4,9,3:97
4,9,4:96
4,9,5:114
4,9,6:162
4,9,7:147
4,9,8:134
4,9,9:147
4,9,10:120
4,9,11:88
4,9,12:99
4,9,13:78
4,9,14:39
4,9,15:12
4,10,0:16
4,10,1:34
4,10,2:75
4,10,3:87
4,10,4:80
4,10,5:147
4,10,6:158
4,10,7:135
4,10,8:118
4,10,9:163
4,10,10:133
4,10,11:69
4,10,12:88
4,10,13:61
4,10,14:36
4,10,15:16
4,11,0:18
4,11,1:29
4,11,2:66
4,11,3:98
4,11,4:77
4,11,5:151
4,11,6:168
4,11,7:160
4,11,8:156
4,11,9:134
4,11,10:137
4,11,11:68
4,11,12:79
4,11,13:58
4,11,14:47
4,11,15:17
4,12,0:20
4,12,1:58
4,12,2:73
4,12,3:75
4,12,4:62
4,12,5:161
4,12,6:141
4,12,7:157
4,12,8:149
4,12,9:137
4,12,10:132
4,12,11:66
4,12,12:91
4,12,13:93
4,12,14:42
4,12,15:23
4,13,0:24
4,13,1:38
4,13,2:81
4,13,3:83
4,13,4:71
4,13,5:119
4,13,6:147
4,13,7:154
4,13,8:152
4,13,9:164
4,13,10:129
4,13,11:90
4,13,12:83
4,13,13:71
4,13,14:49
4,13,15:19
4,14,0:23
4,14,1:36
4,14,2:64
4,14,3:60
4,14,4:58
4,14,5:83
4,14,6:84
4,14,7:82
4,14,8:86
4,14,9:100
4,14,10:95
4,14,11:54
4,14,12:72
4,14,13:50
4,14,14:36
4,14,15:32
4,15,0:11
4,15,1:30
4,15,2:34
4,15,3:36
4,15,4:35
4,15,5:32
4,15,6:48
4,15,7:41
4,15,8:47
4,15,9:37
4,15,10:38
4,15,11:33
4,15,12:34
4,15,13:27
4,15,14:26
4,15,15:10
5,0,0:13
5,0,1:19
5,0,2:30
5,0,3:23
5,0,4:21
5,0,5:17
5,0,6:20
5,0,7:20
5,0,8:23
5,0,9:24
5,0,10:23
5,0,11:24
5,0,12:24
5,0,13:19
5,0,14:14
5,0,15:11
5,1,0:19
5,1,1:26
5,1,2:45
5,1,3:46
5,1,4:33
5,1,5:42
5,1,6:49
5,1,7:43
5,1,8:43
5,1,9:37
5,1,10:39
5,1,11:36
5,1,12:35
5,1,13:39
5,1,14:33
5,1,15:21
5,2,0:16
5,2,1:35
5,2,2:65
5,2,3:49
5,2,4:51
5,2,5:79
5,2,6:92
5,2,7:139
5,2,8:112
5,2,9:103
5,2,10:64
5,2,11:47
5,2,12:82
5,2,13:65
5,2,14:39
5,2,15:18
5,3,0:23
5,3,1:35
5,3,2:75
5,3,3:82
5,3,4:81
5,3,5:111
5,3,6:116
5,3,7:154
5,3,8:149
5,3,9:141
5,3,10:130
5,3,11:80
5,3,12:88
5,3,13:66
5,3,14:41
5,3,15:10
5,4,0:16
5,4,1:37
5,4,2:64
5,4,3:89
5,4,4:74
5,4,5:156
5,4,6:149
5,4,7:150
5,4,8:128
5,4,9:168
5,4,10:120
5,4,11:68
5,4,12:98
5,4,13:60
5,4,14:31
5,4,15:22
5,5,0:16
5,5,1:44
5,5,2:56
5,5,3:73
5,5,4:70
5,5,5:143
5,5,6:138
5,5,7:146
5,5,8:138
5,5,9:146
5,5,10:151
5,5,11:72
5,5,12:75
5,5,13:54
5,5,14:37
5,5,15:19
5,6,0:10
5,6,1:30
5,6,2:60
5,6,3:68
5,6,4:99
5,6,5:129
5,6,6:141
5,6,7:142
5,6,8:152
5,6,9:169
5,6,10:121
5,6,11:101
5,6,12:76
5,6,13:57
5,6,14:23
5,6,15:16
5,7,0:20
5,7,1:33
5,7,2:69
5,7,3:89
5,7,4:101
5,7,5:120
5,7,6:137
5,7,7:135
5,7,8:138
5,7,9:157
5,7,10:132
5,7,11:100
5,7,12:96
5,7,13:78
5,7,14:32
5,7,15:16
5,8,0:24
5,8,1:44
5,8,2:69
5,8,3:110
5,8,4:116
5,8,5:133
5,8,6:136
5,8,7:138
5,8,8:125
5,8,9:135
5,8,10:106
5,8,11:101
5,8,12:82
5,8,13:67
5,8,14:48
5,8,15:20
5,9,0:18
5,9,1:35
5,9,2:72
5,9,3:80
5,9,4:118
5,9,5:120
5,9,6:137
5,9,7:135
5,9,8:178
5,9,9:152
5,9,10:122
5,9,11:92
5,9,12:86
5,9,13:70
5,9,14:32
5,9,15:10
5,10,0:13
5,10,1:29
5,10,2:64
5,10,3:66
5,10,4:74
5,10,5:143
5,10,6:147
5,10,7:170
5,10,8:144
5,10,9:132
5,10,10:155
5,10,11:81
5,10,12:70
5,10,13:60
5,10,14:33
5,10,15:15
5,11,0:20
5,11,1:28
5,11,2:83
5,11,3:94
5,11,4:85
5,11,5:133
5,11,6:151
5,11,7:138
5,11,8:138
5,11,9:161
5,11,10:132
5,11,11:91
5,11,12:87
5,11,13:61
5,11,14:34
5,11,15:13
5,12,0:14
5,12,1:50
5,12,2:60
5,12,3:99
5,12,4:82
5,12,5:144
5,12,6:152
5,12,7:125
5,12,8:157
5,12,9:155
5,12,10:127
5,12,11:101
5,12,12:93
5,12,13:82
5,12,14:47
5,12,15:15
5,13,0:24
5,13,1:49
5,13,2:88
5,13,3:83
5,13,4:77
5,13,5:92
5,13,6:141
5,13,7:148
5,13,8:150
5,13,9:136
5,13,10:119
5,13,11:76
5,13,12:82
5,13,13:72
5,13,14:55
5,13,15:27
5,14,0:29
5,14,1:36
5,14,2:65
5,14,3:62
5,14,4:67
5,14,5:78
5,14,6:71
5,14,7:84
5,14,8:76
5,14,9:79
5,14,10:60
5,14,11:64
5,14,12:73
5,14,13:49
5,14,14:51
5,14,15:18
5,15,0:21
5,15,1:24
5,15,2:28
5,15,3:28
5,15,4:28
5,15,5:36
5,15,6:37
5,15,7:44
5,15,8:35
5,15,9:41
5,15,10:26
5,15,11:30
5,15,12:37
5,15,13:33
5,15,14:34
5,15,15:20
6,0,0:16
6,0,1:12
6,0,2:28
6,0,3:13
6,0,4:29
6,0,5:27
6,0,6:30
6,0,7:21
6,0,8:26
6,0,9:28
6,0,10:25
6,0,11:24
6,0,12:24
6,0,13:27
6,0,14:19
6,0,15:12
6,1,0:17
6,1,1:32
6,1,2:32
6,1,3:35
6,1,4:33
6,1,5:46
6,1,6:40
6,1,7:64
6,1,8:39
6,1,9:33
6,1,10:40
6,1,11:38
6,1,12:38
6,1,13:35
6,1,14:31
6,1,15:20
6,2,0:24
6,2,1:40
6,2,2:54
6,2,3:60
6,2,4:46
6,2,5:83
6,2,6:116
6,2,7:126
6,2,8:125
6,2,9:113
6,2,10:71
6,2,11:64
6,2,12:63
6,2,13:66
6,2,14:40
6,2,15:22
6,3,0:17
6,3,1:48
6,3,2:73
6,3,3:98
6,3,4:86
6,3,5:107
6,3,6:126
6,3,7:132
6,3,8:148
6,3,9:111
6,3,10:130
6,3,11:78
6,3,12:96
6,3,13:63
6,3,14:46
6,3,15:19
6,4,0:12
6,4,1:34
6,4,2:78
6,4,3:87
6,4,4:86
6,4,5:122
6,4,6:136
6,4,7:155
6,4,8:131
6,4,9:157
6,4,10:136
6,4,11:100
6,4,12:86
6,4,13:84
6,4,14:62
6,4,15:16
6,5,0:23
6,5,1:46
6,5,2:71
6,5,3:80
6,5,4:100
6,5,5:134
6,5,6:134
6,5,7:115
6,5,8:154
6,5,9:115
6,5,10:148
6,5,11:99
6,5,12:73
6,5,13:65
6,5,14:29
6,5,15:14
6,6,0:13
6,6,1:38
6,6,2:70
6,6,3:82
6,6,4:80
6,6,5:94
6,6,6:122
6,6,7:114
6,6,8:132
6,6,9:136
6,6,10:106
6,6,11:75
6,6,12:76
6,6,13:71
6,6,14:33
6,6,15:20
6,7,0:13
6,7,1:35
6,7,2:65
6,7,3:94
6,7,4:109
6,7,5:103
6,7,6:124
6,7,7:61
6,7,8:61
6,7,9:116
6,7,10:109
6,7,11:97
6,7,12:95
6,7,13:70
6,7,14:24
6,7,15:13
6,8,0:17
6,8,1:31
6,8,2:60
6,8,3:92
6,8,4:105
6,8,5:93
6,8,6:121
6,8,7:47
6,8,8:50
6,8,9:109
6,8,10:88
6,8,11:80
6,8,12:100
6,8,13:72
6,8,14:23
6,8,15:15
6,9,0:8
6,9,1:34
6,9,2:64
6,9,3:60
6,9,4:90
6,9,5:126
6,9,6:135
6,9,7:109
6,9,8:113
6,9,9:128
6,9,10:97
6,9,11:76
6,9,12:73
6,9,13:68
6,9,14:38
6,9,15:18
6,10,0:11
6,10,1:39
6,10,2:64
6,10,3:74
6,10,4:101
6,10,5:145
6,10,6:154
6,10,7:158
6,10,8:156
6,10,9:125
6,10,10:128
6,10,11:92
6,10,12:81
6,10,13:60
6,10,14:26
6,10,15:10
6,11,0:19
6,11,1:46
6,11,2:53
6,11,3:79
6,11,4:91
6,11,5:137
6,11,6:128
6,11,7:152
6,11,8:144
6,11,9:161
6,11,10:123
6,11,11:83
6,11,12:125
6,11,13:61
6,11,14:40
6,11,15:17
6,12,0:9
6,12,1:57
6,12,2:79
6,12,3:86
6,12,4:99
6,12,5:116
6,12,6:146
6,12,7:148
6,12,8:144
6,12,9:154
6,12,10:130
6,12,11:90
6,12,12:88
6,12,13:75
6,12,14:46
6,12,15:17
6,13,0:18
6,13,1:53
6,13,2:59
6,13,3:85
6,13,4:61
6,13,5:97
6,13,6:131
6,13,7:147
6,13,8:149
6,13,9:152
6,13,10:113
6,13,11:78
6,13,12:79
6,13,13:86
6,13,14:66
6,13,15:25
6,14,0:27
6,14,1:44
6,14,2:49
6,14,3:49
6,14,4:65
6,14,5:55
6,14,6:73
6,14,7:89
6,14,8:82
6,14,9:73
6,14,10:72
6,14,11:42
6,14,12:41
6,14,13:33
6,14,14:39
6,14,15:17
6,15,0:15
6,15,1:18
6,15,2:42
6,15,3:23
6,15,4:24
6,15,5:31
6,15,6:41
6,15,7:33
6,15,8:32
6,15,9:25
6,15,10:41
6,15,11:25
6,15,12:27
6,15,13:31
6,15,14:19
6,15,15:11
7,0,0:15
7,0,1:24
7,0,2:19
7,0,3:32
7,0,4:22
7,0,5:32
7,0,6:16
7,0,7:27
7,0,8:21
7,0,9:24
7,0,10:26
7,0,11:28
7,0,12:18
7,0,13:31
7,0,14:16
7,0,15:16
7,1,0:19
7,1,1:31
7,1,2:42
7,1,3:46
7,1,4:42
7,1,5:42
7,1,6:60
7,1,7:62
7,1,8:52
7,1,9:47
7,1,10:46
7,1,11:42
7,1,12:39
7,1,13:52
7,1,14:31
7,1,15:23
7,2,0:23
7,2,1:47
7,2,2:64
7,2,3:79
7,2,4:53
7,2,5:72
7,2,6:124
7,2,7:143
7,2,8:145
7,2,9:108
7,2,10:100
7,2,11:60
7,2,12:65
7,2,13:62
7,2,14:54
7,2,15:14
7,3,0:11
7,3,1:52
7,3,2:75
7,3,3:90
7,3,4:87
7,3,5:106
7,3,6:129
7,3,7:154
7,3,8:159
7,3,9:158
7,3,10:106
7,3,11:88
7,3,12:105
7,3,13:81
7,3,14:35
7,3,15:16
7,4,0:13
7,4,1:29
7,4,2:97
7,4,3:103
7,4,4:112
7,4,5:118
7,4,6:139
7,4,7:163
7,4,8:139
7,4,9:159
7,4,10:117
7,4,11:85
7,4,12:101
7,4,13:84
7,4,14:33
7,4,15:16
7,5,0:11
7,5,1:27
7,5,2:71
7,5,3:84
7,5,4:124
7,5,5:115
7,5,6:135
7,5,7:154
7,5,8:133
7,5,9:144
7,5,10:105
7,5,11:115
7,5,12:105
7,5,13:73
7,5,14:32
7,5,15:19
7,6,0:13
7,6,1:37
7,6,2:55
7,6,3:108
7,6,4:94
7,6,5:107
7,6,6:117
7,6,7:55
7,6,8:56
7,6,9:131
7,6,10:99
7,6,11:87
7,6,12:87
7,6,13:64
7,6,14:30
7,6,15:11
7,7,0:12
7,7,1:27
7,7,2:61
7,7,3:99
7,7,4:87
7,7,5:77
7,7,6:57
7,7,7:0
7,7,8:0
7,7,9:41
7,7,10:90
7,7,11:103
7,7,12:84
7,7,13:72
7,7,14:39
7,7,15:4
7,8,0:19
7,8,1:23
7,8,2:60
7,8,3:103
7,8,4:102
7,8,5:93
7,8,6:38
7,8,7:0
7,8,8:0
7,8,9:35
7,8,10:110
7,8,11:96
7,8,12:80
7,8,13:68
7,8,14:31
7,8,15:13
7,9,0:19
7,9,1:18
7,9,2:59
7,9,3:93
7,9,4:78
7,9,5:96
7,9,6:122
7,9,7:54
7,9,8:45
7,9,9:111
7,9,10:109
7,9,11:77
7,9,12:94
7,9,13:60
7,9,14:29
7,9,15:13
7,10,0:18
7,10,1:39
7,10,2:63
7,10,3:90
7,10,4:126
7,10,5:128
7,10,6:146
7,10,7:147
7,10,8:121
7,10,9:139
7,10,10:127
7,10,11:104
7,10,12:78
7,10,13:89
7,10,14:33
7,10,15:20
7,11,0:16
7,11,1:30
7,11,2:82
7,11,3:116
7,11,4:103
7,11,5:132
7,11,6:159
7,11,7:136
7,11,8:142
7,11,9:153
7,11,10:125
7,11,11:110
7,11,12:103
7,11,13:85
7,11,14:31
7,11,15:13
7,12,0:14
7,12,1:55
7,12,2:81
7,12,3:88
7,12,4:91
7,12,5:125
7,12,6:149
7,12,7:148
7,12,8:152
7,12,9:143
7,12,10:117
7,12,11:75
7,12,12:105
7,12,13:89
7,12,14:49
7,12,15:21
7,13,0:28
7,13,1:47
7,13,2:92
7,13,3:63
7,13,4:77
7,13,5:94
7,13,6:139
7,13,7:154
7,13,8:136
7,13,9:132
7,13,10:66
7,13,11:73
7,13,12:88
7,13,13:70
7,13,14:48
7,13,15:21
7,14,0:27
7,14,1:32
7,14,2:51
7,14,3:48
7,14,4:42
7,14,5:65
7,14,6:41
7,14,7:75
7,14,8:86
7,14,9:53
7,14,10:47
7,14,11:57
7,14,12:53
7,14,13:53
7,14,14:36
7,14,15:24
7,15,0:16
7,15,1:21
7,15,2:31
7,15,3:28
7,15,4:37
7,15,5:11
7,15,6:30
7,15,7:33
7,15,8:31
7,15,9:27
7,15,10:21
7,15,11:18
7,15,12:22
7,15,13:22
7,15,14:20
7,15,15:18
8,0,0:15
8,0,1:23
8,0,2:31
8,0,3:20
8,0,4:22
8,0,5:27
8,0,6:37
8,0,7:34
8,0,8:24
8,0,9:24
8,0,10:30
8,0,11:29
8,0,12:32
8,0,13:24
8,0,14:22
8,0,15:12
8,1,0:24
8,1,1:34
8,1,2:44
8,1,3:57
8,1,4:36
8,1,5:53
8,1,6:62
8,1,7:69
8,1,8:78
8,1,9:56
8,1,10:50
8,1,11:44
8,1,12:39
8,1,13:42
8,1,14:34
8,1,15:21
8,2,0:21
8,2,1:44
8,2,2:60
8,2,3:48
8,2,4:61
8,2,5:95
8,2,6:135
8,2,7:149
8,2,8:133
8,2,9:114
8,2,10:92
8,2,11:65
8,2,12:78
8,2,13:60
8,2,14:49
8,2,15:19
8,3,0:18
8,3,1:59
8,3,2:81
8,3,3:103
8,3,4:86
8,3,5:108
8,3,6:163
8,3,7:123
8,3,8:143
8,3,9:149
8,3,10:110
8,3,11:87
8,3,12:95
8,3,13:87
8,3,14:54
8,3,15:12
8,4,0:17
8,4,1:24
8,4,2:78
8,4,3:116
8,4,4:113
8,4,5:124
8,4,6:142
8,4,7:161
8,4,8:146
8,4,9:143
8,4,10:119
8,4,11:106
8,4,12:126
8,4,13:77
8,4,14:29
8,4,15:13
8,5,0:18
8,5,1:40
8,5,2:58
8,5,3:90
8,5,4:109
8,5,5:121
8,5,6:165
8,5,7:142
8,5,8:102
8,5,9:129
8,5,10:117
8,5,11:108
8,5,12:77
8,5,13:94
8,5,14:32
8,5,15:10
8,6,0:10
8,6,1:34
8,6,2:67
8,6,3:77
8,6,4:86
8,6,5:121
8,6,6:120
8,6,7:52
8,6,8:49
8,6,9:116
8,6,10:92
8,6,11:93
8,6,12:94
8,6,13:74
8,6,14:38
8,6,15:13
8,7,0:20
8,7,1:26
8,7,2:61
8,7,3:86
8,7,4:110
8,7,5:84
8,7,6:40
8,7,7:0
8,7,8:0
8,7,9:54
8,7,10:81
8,7,11:90
8,7,12:105
8,7,13:64
8,7,14:39
8,7,15:15
8,8,0:16
8,8,1:28
8,8,2:72
8,8,3:109
8,8,4:93
8,8,5:90
8,8,6:50
8,8,7:0
8,8,8:0
8,8,9:49
8,8,10:81
8,8,11:95
8,8,12:91
8,8,13:57
8,8,14:37
8,8,15:16
8,9,0:14
8,9,1:38
8,9,2:58
8,9,3:105
8,9,4:108
8,9,5:108
8,9,6:112
8,9,7:50
8,9,8:59
8,9,9:110
8,9,10:88
8,9,11:98
8,9,12:85
8,9,13:69
8,9,14:33
8,9,15:13
8,10,0:16
8,10,1:33
8,10,2:70
8,10,3:93
8,10,4:93
8,10,5:108
8,10,6:164
8,10,7:130
8,10,8:128
8,10,9:151
8,10,10:109
8,10,11:94
8,10,12:86
8,10,13:63
8,10,14:27
8,10,15:17
8,11,0:16
8,11,1:44
8,11,2:73
8,11,3:110
8,11,4:91
8,11,5:136
8,11,6:156
8,11,7:170
8,11,8:160
8,11,9:139
8,11,10:136
8,11,11:86
8,11,12:126
8,11,13:91
8,11,14:26
8,11,15:12
8,12,0:17
8,12,1:43
8,12,2:75
8,12,3:95
8,12,4:83
8,12,5:106
8,12,6:136
8,12,7:131
8,12,8:144
8,12,9:153
8,12,10:110
8,12,11:80
8,12,12:92
8,12,13:76
8,12,14:46
8,12,15:14
8,13,0:20
8,13,1:36
8,13,2:67
8,13,3:72
8,13,4:64
8,13,5:86
8,13,6:128
8,13,7:129
8,13,8:143
8,13,9:120
8,13,10:75
8,13,11:73
8,13,12:72
8,13,13:66
8,13,14:45
8,13,15:21
8,14,0:21
8,14,1:35
8,14,2:49
8,14,3:53
8,14,4:40
8,14,5:43
8,14,6:52
8,14,7:68
8,14,8:58
8,14,9:52
8,14,10:48
8,14,11:42
8,14,12:39
8,14,13:44
8,14,14:36
8,14,15:13
8,15,0:16
8,15,1:20
8,15,2:31
8,15,3:28
8,15,4:16
8,15,5:8
8,15,6:36
8,15,7:25
8,15,8:22
8,15,9:28
8,15,10:25
8,15,11:17
8,15,12:20
8,15,13:25
8,15,14:19
8,15,15:11
9,0,0:17
9,0,1:28
9,0,2:20
9,0,3:28
9,0,4:33
9,0,5:40
9,0,6:28
9,0,7:31
9,0,8:28
9,0,9:25
9,0,10:27
9,0,11:38
9,0,12:30
9,0,13:34
9,0,14:24
9,0,15:16
9,1,0:21
9,1,1:40
9,1,2:49
9,1,3:56
9,1,4:56
9,1,5:74
9,1,6:79
9,1,7:85
9,1,8:89
9,1,9:80
9,1,10:75
9,1,11:51
9,1,12:47
9,1,13:41
9,1,14:38
9,1,15:19
9,2,0:21
9,2,1:43
9,2,2:74
9,2,3:82
9,2,4:84
9,2,5:123
9,2,6:138
9,2,7:141
9,2,8:130
9,2,9:146
9,2,10:106
9,2,11:86
9,2,12:73
9,2,13:80
9,2,14:45
9,2,15:25
9,3,0:9
9,3,1:53
9,3,2:79
9,3,3:93
9,3,4:105
9,3,5:121
9,3,6:135
9,3,7:173
9,3,8:157
9,3,9:142
9,3,10:116
9,3,11:93
9,3,12:82
9,3,13:78
9,3,14:47
9,3,15:18
9,4,0:11
9,4,1:41
9,4,2:83
9,4,3:101
9,4,4:110
9,4,5:135
9,4,6:153
9,4,7:136
9,4,8:134
9,4,9:141
9,4,10:140
9,4,11:110
9,4,12:105
9,4,13:76
9,4,14:37
9,4,15:14
9,5,0:17
9,5,1:26
9,5,2:78
9,5,3:67
9,5,4:87
9,5,5:127
9,5,6:134
9,5,7:139
9,5,8:129
9,5,9:152
9,5,10:140
9,5,11:107
9,5,12:70
9,5,13:59
9,5,14:38
9,5,15:18
9,6,0:11
9,6,1:20
9,6,2:65
9,6,3:96
9,6,4:77
9,6,5:119
9,6,6:106
9,6,7:109
9,6,8:126
9,6,9:132
9,6,10:112
9,6,11:86
9,6,12:77
9,6,13:86
9,6,14:27
9,6,15:19
9,7,0:15
9,7,1:33
9,7,2:66
9,7,3:94
9,7,4:78
9,7,5:100
9,7,6:126
9,7,7:49
9,7,8:46
9,7,9:109
9,7,10:92
9,7,11:102
9,7,12:103
9,7,13:62
9,7,14:31
9,7,15:17
9,8,0:13
9,8,1:30
9,8,2:58
9,8,3:101
9,8,4:82
9,8,5:113
9,8,6:103
9,8,7:51
9,8,8:51
9,8,9:115
9,8,10:104
9,8,11:92
9,8,12:97
9,8,13:73
9,8,14:32
9,8,15:9
9,9,0:17
9,9,1:32
9,9,2:67
9,9,3:72
9,9,4:77
9,9,5:105
9,9,6:150
9,9,7:128
9,9,8:108
9,9,9:142
9,9,10:112
9,9,11:73
9,9,12:73
9,9,13:52
9,9,14:31
9,9,15:21
9,10,0:19
9,10,1:32
9,10,2:70
9,10,3:82
9,10,4:89
9,10,5:119
9,10,6:141
9,10,7:137
9,10,8:156
9,10,9:132
9,10,10:117
9,10,11:102
9,10,12:83
9,10,13:63
9,10,14:41
9,10,15:11
9,11,0:8
9,11,1:42
9,11,2:84
9,11,3:118
9,11,4:88
9,11,5:130
9,11,6:125
9,11,7:160
9,11,8:142
9,11,9:140
9,11,10:108
9,11,11:99
9,11,12:90
9,11,13:72
9,11,14:36
9,11,15:10
9,12,0:16
9,12,1:47
9,12,2:74
9,12,3:95
9,12,4:68
9,12,5:98
9,12,6:161
9,12,7:152
9,12,8:137
9,12,9:137
9,12,10:96
9,12,11:81
9,12,12:105
9,12,13:65
9,12,14:48
9,12,15:12
9,13,0:23
9,13,1:43
9,13,2:62
9,13,3:76
9,13,4:55
9,13,5:66
9,13,6:102
9,13,7:163
9,13,8:141
9,13,9:102
9,13,10:74
9,13,11:60
9,13,12:62
9,13,13:59
9,13,14:52
9,13,15:24
9,14,0:23
9,14,1:25
9,14,2:55
9,14,3:42
9,14,4:51
9,14,5:35
9,14,6:39
9,14,7:52
9,14,8:39
9,14,9:42
9,14,10:37
9,14,11:26
9,14,12:46
9,14,13:42
9,14,14:29
9,14,15:17
9,15,0:9
9,15,1:16
9,15,2:26
9,15,3:25
9,15,4:15
9,15,5:26
9,15,6:16
9,15,7:27
9,15,8:18
9,15,9:24
9,15,10:21
9,15,11:15
9,15,12:25
9,15,13:13
9,15,14:19
9,15,15:15
10,0,0:20
10,0,1:25
10,0,2:36
10,0,3:25
10,0,4:29
10,0,5:40
10,0,6:36
10,0,7:52
10,0,8:40
10,0,9:40
10,0,10:35
10,0,11:26
10,0,12:25
10,0,13:34
10,0,14:21
10,0,15:18
10,1,0:24
10,1,1:39
10,1,2:48
10,1,3:55
10,1,4:49
10,1,5:78
10,1,6:88
10,1,7:91
10,1,8:90
10,1,9:91
10,1,10:73
10,1,11:68
10,1,12:63
10,1,13:56
10,1,14:39
10,1,15:21
10,2,0:27
10,2,1:60
10,2,2:76
10,2,3:78
10,2,4:64
10,2,5:92
10,2,6:119
10,2,7:139
10,2,8:137
10,2,9:140
10,2,10:119
10,2,11:87
10,2,12:64
10,2,13:63
10,2,14:49
10,2,15:27
10,3,0:13
10,3,1:45
10,3,2:75
10,3,3:74
10,3,4:105
10,3,5:135
10,3,6:140
10,3,7:139
10,3,8:156
10,3,9:142
10,3,10:124
10,3,11:109
10,3,12:100
10,3,13:68
10,3,14:43
10,3,15:19
10,4,0:12
10,4,1:46
10,4,2:69
10,4,3:88
10,4,4:94
10,4,5:152
10,4,6:150
10,4,7:153
10,4,8:134
10,4,9:150
10,4,10:159
10,4,11:81
10,4,12:92
10,4,13:47
10,4,14:36
10,4,15:13
10,5,0:13
10,5,1:34
10,5,2:64
10,5,3:70
10,5,4:83
10,5,5:128
10,5,6:157
10,5,7:134
10,5,8:141
10,5,9:145
10,5,10:129
10,5,11:80
10,5,12:85
10,5,13:66
10,5,14:26
10,5,15:13
10,6,0:16
10,6,1:32
10,6,2:63
10,6,3:90
10,6,4:86
10,6,5:104
10,6,6:156
10,6,7:151
10,6,8:145
10,6,9:160
10,6,10:117
10,6,11:81
10,6,12:78
10,6,13:66
10,6,14:32
10,6,15:20
10,7,0:15
10,7,1:39
10,7,2:76
10,7,3:93
10,7,4:103
10,7,5:123
10,7,6:128
10,7,7:132
10,7,8:134
10,7,9:162
10,7,10:114
10,7,11:86
10,7,12:79
10,7,13:62
10,7,14:25
10,7,15:15
10,8,0:15
10,8,1:42
10,8,2:84
10,8,3:83
10,8,4:104
10,8,5:133
10,8,6:149
10,8,7:149
10,8,8:137
10,8,9:139
10,8,10:117
10,8,11:102
10,8,12:84
10,8,13:60
10,8,14:26
10,8,15:18
10,9,0:10
10,9,1:21
10,9,2:55
10,9,3:74
10,9,4:107
10,9,5:139
10,9,6:136
10,9,7:130
10,9,8:155
10,9,9:127
10,9,10:127
10,9,11:73
10,9,12:68
10,9,13:75
10,9,14:25
10,9,15:21
10,10,0:17
10,10,1:30
10,10,2:57
10,10,3:80
10,10,4:116
10,10,5:161
10,10,6:159
10,10,7:138
10,10,8:163
10,10,9:145
10,10,10:122
10,10,11:91
10,10,12:80
10,10,13:60
10,10,14:37
10,10,15:15
10,11,0:23
10,11,1:30
10,11,2:60
10,11,3:79
10,11,4:76
10,11,5:138
10,11,6:155
10,11,7:179
10,11,8:161
10,11,9:134
10,11,10:117
10,11,11:68
10,11,12:81
10,11,13:62
10,11,14:35
10,11,15:13
10,12,0:16
10,12,1:49
10,12,2:80
10,12,3:100
10,12,4:58
10,12,5:92
10,12,6:151
10,12,7:141
10,12,8:165
10,12,9:141
10,12,10:112
10,12,11:72
10,12,12:66
10,12,13:86
10,12,14:43
10,12,15:14
10,13,0:24
10,13,1:27
10,13,2:48
10,13,3:79
10,13,4:59
10,13,5:68
10,13,6:92
10,13,7:124
10,13,8:115
10,13,9:87
10,13,10:69
10,13,11:47
10,13,12:75
10,13,13:68
10,13,14:38
10,13,15:13
10,14,0:18
10,14,1:18
10,14,2:38
10,14,3:36
10,14,4:40
10,14,5:39
10,14,6:39
10,14,7:39
10,14,8:48
10,14,9:39
10,14,10:37
10,14,11:35
10,14,12:47
10,14,13:32
10,14,14:26
10,14,15:18
10,15,0:17
10,15,1:20
10,15,2:21
10,15,3:24
10,15,4:12
10,15,5:24
10,15,6:17
10,15,7:27
10,15,8:23
10,15,9:20
10,15,10:21
10,15,11:26
10,15,12:28
10,15,13:23
10,15,14:17
10,15,15:14
11,0,0:19
11,0,1:30
11,0,2:34
11,0,3:39
11,0,4:32
11,0,5:54
11,0,6:38
11,0,7:51
11,0,8:49
11,0,9:34
11,0,10:40
11,0,11:37
11,0,12:31
11,0,13:27
11,0,14:12
11,0,15:16
11,1,0:21
11,1,1:42
11,1,2:53
11,1,3:70
11,1,4:70
11,1,5:88
11,1,6:108
11,1,7:93
11,1,8:101
11,1,9:83
11,1,10:92
11,1,11:69
11,1,12:77
11,1,13:65
11,1,14:46
11,1,15:27
11,2,0:22
11,2,1:47
11,2,2:85
11,2,3:75
11,2,4:81
11,2,5:94
11,2,6:143
11,2,7:160
11,2,8:145
11,2,9:124
11,2,10:123
11,2,11:81
11,2,12:85
11,2,13:74
11,2,14:54
11,2,15:23
11,3,0:19
11,3,1:38
11,3,2:90
11,3,3:74
11,3,4:79
11,3,5:132
11,3,6:150
11,3,7:166
11,3,8:151
11,3,9:140
11,3,10:144
11,3,11:89
11,3,12:88
11,3,13:56
11,3,14:48
11,3,15:10
11,4,0:16
11,4,1:42
11,4,2:64
11,4,3:86
11,4,4:79
11,4,5:146
11,4,6:153
11,4,7:151
11,4,8:157
11,4,9:176
11,4,10:135
11,4,11:80
11,4,12:90
11,4,13:70
11,4,14:38
11,4,15:12
11,5,0:16
11,5,1:45
11,5,2:64
11,5,3:88
11,5,4:74
11,5,5:134
11,5,6:140
11,5,7:145
11,5,8:144
11,5,9:154
11,5,10:135
11,5,11:74
11,5,12:93
11,5,13:65
11,5,14:35
11,5,15:7
11,6,0:13
11,6,1:53
11,6,2:54
11,6,3:89
11,6,4:98
11,6,5:111
11,6,6:147
11,6,7:145
11,6,8:150
11,6,9:147
11,6,10:113
11,6,11:80
11,6,12:105
11,6,13:75
11,6,14:47
11,6,15:10
11,7,0:14
11,7,1:33
11,7,2:77
11,7,3:103
11,7,4:79
11,7,5:122
11,7,6:153
11,7,7:165
11,7,8:155
11,7,9:150
11,7,10:120
11,7,11:106
11,7,12:109
11,7,13:66
11,7,14:33
11,7,15:15
11,8,0:14
11,8,1:37
11,8,2:64
11,8,3:91
11,8,4:93
11,8,5:128
11,8,6:137
11,8,7:143
11,8,8:165
11,8,9:159
11,8,10:131
11,8,11:98
11,8,12:105
11,8,13:58
11,8,14:26
11,8,15:17
11,9,0:11
11,9,1:33
11,9,2:73
11,9,3:83
11,9,4:110
11,9,5:139
11,9,6:122
11,9,7:150
11,9,8:154
11,9,9:156
11,9,10:135
11,9,11:87
11,9,12:92
11,9,13:79
11,9,14:33
11,9,15:22
11,10,0:15
11,10,1:49
11,10,2:63
11,10,3:85
11,10,4:80
11,10,5:163
11,10,6:139
11,10,7:147
11,10,8:151
11,10,9:172
11,10,10:135
11,10,11:91
11,10,12:102
11,10,13:67
11,10,14:31
11,10,15:14
11,11,0:25
11,11,1:41
11,11,2:62
11,11,3:79
11,11,4:61
11,11,5:140
11,11,6:150
11,11,7:142
11,11,8:155
11,11,9:136
11,11,10:144
11,11,11:77
11,11,12:85
11,11,13:59
11,11,14:41
11,11,15:15
11,12,0:15
11,12,1:42
11,12,2:61
11,12,3:84
11,12,4:59
11,12,5:106
11,12,6:147
11,12,7:141
11,12,8:134
11,12,9:162
11,12,10:106
11,12,11:60
11,12,12:95
11,12,13:68
11,12,14:44
11,12,15:13
11,13,0:17
11,13,1:36
11,13,2:59
11,13,3:56
11,13,4:57
11,13,5:63
11,13,6:89
11,13,7:126
11,13,8:113
11,13,9:76
11,13,10:65
11,13,11:43
11,13,12:62
11,13,13:43
11,13,14:38
11,13,15:11
11,14,0:22
11,14,1:20
11,14,2:46
11,14,3:42
11,14,4:29
11,14,5:35
11,14,6:28
11,14,7:45
11,14,8:38
11,14,9:49
11,14,10:28
11,14,11:36
11,14,12:30
11,14,13:46
11,14,14:44
11,14,15:19
11,15,0:16
11,15,1:16
11,15,2:31
11,15,3:20
11,15,4:27
11,15,5:28
11,15,6:27
11,15,7:25
11,15,8:22
11,15,9:17
11,15,10:22
11,15,11:24
11,15,12:26
11,15,13:28
11,15,14:18
11,15,15:9
12,0,0:12
12,0,1:17
12,0,2:50
12,0,3:32
12,0,4:36
12,0,5:51
12,0,6:44
12,0,7:55
12,0,8:43
12,0,9:41
12,0,10:42
12,0,11:42
12,0,12:42
12,0,13:34
12,0,14:26
12,0,15:20
12,1,0:38
12,1,1:45
12,1,2:56
12,1,3:64
12,1,4:54
12,1,5:64
12,1,6:81
12,1,7:90
12,1,8:90
12,1,9:78
12,1,10:68
12,1,11:43
12,1,12:72
12,1,13:63
12,1,14:42
12,1,15:22
12,2,0:27
12,2,1:60
12,2,2:71
12,2,3:79
12,2,4:44
12,2,5:101
12,2,6:132
12,2,7:128
12,2,8:139
12,2,9:122
12,2,10:71
12,2,11:57
12,2,12:73
12,2,13:72
12,2,14:43
12,2,15:24
12,3,0:16
12,3,1:42
12,3,2:71
12,3,3:61
12,3,4:51
12,3,5:119
12,3,6:140
12,3,7:139
12,3,8:149
12,3,9:168
12,3,10:122
12,3,11:46
12,3,12:69
12,3,13:65
12,3,14:34
12,3,15:26
12,4,0:19
12,4,1:43
12,4,2:68
12,4,3:83
12,4,4:57
12,4,5:110
12,4,6:142
12,4,7:146
12,4,8:137
12,4,9:143
12,4,10:123
12,4,11:58
12,4,12:74
12,4,13:72
12,4,14:46
12,4,15:19
12,5,0:11
12,5,1:39
12,5,2:69
12,5,3:87
12,5,4:72
12,5,5:113
12,5,6:130
12,5,7:156
12,5,8:151
12,5,9:158
12,5,10:115
12,5,11:63
12,5,12:87
12,5,13:62
12,5,14:40
12,5,15:16
12,6,0:11
12,6,1:53
12,6,2:78
12,6,3:98
12,6,4:76
12,6,5:102
12,6,6:166
12,6,7:177
12,6,8:150
12,6,9:140
12,6,10:95
12,6,11:77
12,6,12:84
12,6,13:77
12,6,14:47
12,6,15:20
12,7,0:17
12,7,1:49
12,7,2:59
12,7,3:80
12,7,4:76
12,7,5:110
12,7,6:158
12,7,7:152
12,7,8:166
12,7,9:164
12,7,10:107
12,7,11:87
12,7,12:86
12,7,13:67
12,7,14:45
12,7,15:19
12,8,0:19
12,8,1:47
12,8,2:70
12,8,3:95
12,8,4:86
12,8,5:117
12,8,6:161
12,8,7:154
12,8,8:147
12,8,9:140
12,8,10:115
12,8,11:93
12,8,12:92
12,8,13:87
12,8,14:45
12,8,15:14
12,9,0:13
12,9,1:51
12,9,2:70
12,9,3:115
12,9,4:99
12,9,5:119
12,9,6:160
12,9,7:137
12,9,8:148
12,9,9:145
12,9,10:132
12,9,11:92
12,9,12:96
12,9,13:75
12,9,14:52
12,9,15:18
12,10,0:10
12,10,1:56
12,10,2:82
12,10,3:111
12,10,4:103
12,10,5:162
12,10,6:150
12,10,7:165
12,10,8:138
12,10,9:151
12,10,10:127
12,10,11:91
12,10,12:94
12,10,13:78
12,10,14:53
12,10,15:16
12,11,0:21
12,11,1:42
12,11,2:74
12,11,3:80
12,11,4:78
12,11,5:132
12,11,6:144
12,11,7:141
12,11,8:151
12,11,9:153
12,11,10:124
12,11,11:80
12,11,12:81
12,11,13:79
12,11,14:50
12,11,15:26
12,12,0:18
12,12,1:26
12,12,2:66
12,12,3:62
12,12,4:57
12,12,5:95
12,12,6:121
12,12,7:155
12,12,8:150
12,12,9:133
12,12,10:124
12,12,11:68
12,12,12:67
12,12,13:93
12,12,14:39
12,12,15:19
12,13,0:24
12,13,1:32
12,13,2:74
12,13,3:46
12,13,4:46
12,13,5:62
12,13,6:81
12,13,7:110
12,13,8:70
12,13,9:84
12,13,10:60
12,13,11:42
12,13,12:56
12,13,13:52
12,13,14:34
12,13,15:23
12,14,0:18
12,14,1:36
12,14,2:41
12,14,3:36
12,14,4:39
12,14,5:22
12,14,6:47
12,14,7:37
12,14,8:42
12,14,9:33
12,14,10:28
12,14,11:46
12,14,12:24
12,14,13:51
12,14,14:32
12,14,15:23
12,15,0:16
12,15,1:21
12,15,2:27
12,15,3:22
12,15,4:24
12,15,5:25
12,15,6:21
12,15,7:27
12,15,8:22
12,15,9:23
12,15,10:24
12,15,11:18
12,15,12:21
12,15,13:24
12,15,14:18
12,15,15:15
13,0,0:18
13,0,1:24
13,0,2:30
13,0,3:26
13,0,4:38
13,0,5:45
13,0,6:36
13,0,7:41
13,0,8:51
13,0,9:41
13,0,10:35
13,0,11:42
13,0,12:37
13,0,13:42
13,0,14:25
13,0,15:16
13,1,0:29
13,1,1:49
13,1,2:66
13,1,3:60
13,1,4:55
13,1,5:63
13,1,6:45
13,1,7:61
13,1,8:66
13,1,9:56
13,1,10:45
13,1,11:71
13,1,12:55
13,1,13:52
13,1,14:43
13,1,15:26
13,2,0:31
13,2,1:39
13,2,2:53
13,2,3:53
13,2,4:35
13,2,5:52
13,2,6:65
13,2,7:74
13,2,8:87
13,2,9:82
13,2,10:50
13,2,11:38
13,2,12:58
13,2,13:55
13,2,14:41
13,2,15:36
13,3,0:12
13,3,1:28
13,3,2:49
13,3,3:45
13,3,4:34
13,3,5:67
13,3,6:74
13,3,7:102
13,3,8:91
13,3,9:94
13,3,10:59
13,3,11:42
13,3,12:57
13,3,13:57
13,3,14:40
13,3,15:25
13,4,0:17
13,4,1:35
13,4,2:44
13,4,3:72
13,4,4:57
13,4,5:79
13,4,6:82
13,4,7:125
13,4,8:109
13,4,9:80
13,4,10:71
13,4,11:55
13,4,12:54
13,4,13:62
13,4,14:44
13,4,15:14
13,5,0:22
13,5,1:39
13,5,2:68
13,5,3:74
13,5,4:51
13,5,5:69
13,5,6:78
13,5,7:110
13,5,8:120
13,5,9:107
13,5,10:57
13,5,11:52
13,5,12:67
13,5,13:56
13,5,14:34
13,5,15:21
13,6,0:26
13,6,1:49
13,6,2:57
13,6,3:77
13,6,4:65
13,6,5:74
13,6,6:107
13,6,7:135
13,6,8:137
13,6,9:107
13,6,10:72
13,6,11:51
13,6,12:70
13,6,13:75
13,6,14:45
13,6,15:17
13,7,0:12
13,7,1:42
13,7,2:60
13,7,3:69
13,7,4:54
13,7,5:87
13,7,6:115
13,7,7:164
13,7,8:146
13,7,9:120
13,7,10:86
13,7,11:69
13,7,12:58
13,7,13:54
13,7,14:43
13,7,15:26
13,8,0:20
13,8,1:44
13,8,2:72
13,8,3:76
13,8,4:73
13,8,5:87
13,8,6:111
13,8,7:153
13,8,8:165
13,8,9:140
13,8,10:98
13,8,11:83
13,8,12:61
13,8,13:71
13,8,14:49
13,8,15:21
13,9,0:11
13,9,1:59
13,9,2:77
13,9,3:71
13,9,4:85
13,9,5:98
13,9,6:142
13,9,7:152
13,9,8:138
13,9,9:135
13,9,10:93
13,9,11:87
13,9,12:72
13,9,13:75
13,9,14:40
13,9,15:19
13,10,0:23
13,10,1:46
13,10,2:79
13,10,3:100
13,10,4:73
13,10,5:95
13,10,6:140
13,10,7:130
13,10,8:154
13,10,9:134
13,10,10:103
13,10,11:98
13,10,12:82
13,10,13:99
13,10,14:35
13,10,15:27
13,11,0:21
13,11,1:52
13,11,2:76
13,11,3:76
13,11,4:88
13,11,5:108
13,11,6:141
13,11,7:133
13,11,8:130
13,11,9:152
13,11,10:129
13,11,11:78
13,11,12:70
13,11,13:86
13,11,14:62
13,11,15:28
13,12,0:23
13,12,1:48
13,12,2:85
13,12,3:80
13,12,4:50
13,12,5:85
13,12,6:118
13,12,7:128
13,12,8:143
13,12,9:119
13,12,10:76
13,12,11:52
13,12,12:74
13,12,13:86
13,12,14:53
13,12,15:32
13,13,0:18
13,13,1:48
13,13,2:53
13,13,3:63
13,13,4:37
13,13,5:57
13,13,6:71
13,13,7:89
13,13,8:90
13,13,9:79
13,13,10:49
13,13,11:37
13,13,12:66
13,13,13:61
13,13,14:41
13,13,15:25
13,14,0:28
13,14,1:38
13,14,2:49
13,14,3:32
13,14,4:39
13,14,5:37
13,14,6:44
13,14,7:52
13,14,8:49
13,14,9:50
13,14,10:36
13,14,11:34
13,14,12:44
13,14,13:42
13,14,14:34
13,14,15:17
13,15,0:11
13,15,1:25
13,15,2:29
13,15,3:35
13,15,4:19
13,15,5:27
13,15,6:30
13,15,7:24
13,15,8:18
13,15,9:19
13,15,10:36
13,15,11:29
13,15,12:27
13,15,13:19
13,15,14:19
13,15,15:21
14,0,0:11
14,0,1:25
14,0,2:30
14,0,3:39
14,0,4:39
14,0,5:28
14,0,6:37
14,0,7:40
14,0,8:35
14,0,9:37
14,0,10:31
14,0,11:52
14,0,12:37
14,0,13:38
14,0,14:20
14,0,15:21
14,1,0:24
14,1,1:42
14,1,2:42
14,1,3:66
14,1,4:37
14,1,5:42
14,1,6:50
14,1,7:51
14,1,8:46
14,1,9:46
14,1,10:52
14,1,11:53
14,1,12:38
14,1,13:49
14,1,14:44
14,1,15:22
14,2,0:20
14,2,1:32
14,2,2:51
14,2,3:40
14,2,4:41
14,2,5:36
14,2,6:33
14,2,7:42
14,2,8:53
14,2,9:37
14,2,10:25
14,2,11:51
14,2,12:39
14,2,13:51
14,2,14:33
14,2,15:20
14,3,0:21
14,3,1:23
14,3,2:43
14,3,3:44
14,3,4:28
14,3,5:27
14,3,6:29
14,3,7:43
14,3,8:43
14,3,9:35
14,3,10:23
14,3,11:32
14,3,12:43
14,3,13:47
14,3,14:27
14,3,15:15
14,4,0:14
14,4,1:35
14,4,2:35
14,4,3:34
14,4,4:34
14,4,5:49
14,4,6:36
14,4,7:47
14,4,8:34
14,4,9:33
14,4,10:37
14,4,11:36
14,4,12:47
14,4,13:38
14,4,14:24
14,4,15:17
14,5,0:20
14,5,1:26
14,5,2:34
14,5,3:46
14,5,4:36
14,5,5:38
14,5,6:32
14,5,7:51
14,5,8:49
14,5,9:55
14,5,10:37
14,5,11:40
14,5,12:44
14,5,13:36
14,5,14:24
14,5,15:19
14,6,0:24
14,6,1:26
14,6,2:37
14,6,3:48
14,6,4:47
14,6,5:38
14,6,6:38
14,6,7:35
14,6,8:57
14,6,9:48
14,6,10:35
14,6,11:39
14,6,12:55
14,6,13:37
14,6,14:33
14,6,15:18
14,7,0:16
14,7,1:27
14,7,2:43
14,7,3:36
14,7,4:45
14,7,5:47
14,7,6:42
14,7,7:72
14,7,8:56
14,7,9:56
14,7,10:44
14,7,11:55
14,7,12:41
14,7,13:31
14,7,14:36
14,7,15:26
14,8,0:21
14,8,1:38
14,8,2:55
14,8,3:35
14,8,4:48
14,8,5:64
14,8,6:65
14,8,7:67
14,8,8:63
14,8,9:69
14,8,10:75
14,8,11:40
14,8,12:37
14,8,13:47
14,8,14:19
14,8,15:22
14,9,0:26
14,9,1:38
14,9,2:38
14,9,3:52
14,9,4:55
14,9,5:70
14,9,6:67
14,9,7:81
14,9,8:79
14,9,9:59
14,9,10:59
14,9,11:61
14,9,12:50
14,9,13:48
14,9,14:27
14,9,15:20
14,10,0:20
14,10,1:39
14,10,2:46
14,10,3:53
14,10,4:59
14,10,5:80
14,10,6:72
14,10,7:75
14,10,8:105
14,10,9:69
14,10,10:86
14,10,11:55
14,10,12:55
14,10,13:54
14,10,14:48
14,10,15:15
14,11,0:26
14,11,1:42
14,11,2:65
14,11,3:59
14,11,4:68
14,11,5:93
14,11,6:87
14,11,7:100
14,11,8:115
14,11,9:101
14,11,10:78
14,11,11:59
14,11,12:63
14,11,13:56
14,11,14:32
14,11,15:18
14,12,0:24
14,12,1:49
14,12,2:55
14,12,3:62
14,12,4:56
14,12,5:95
14,12,6:69
14,12,7:66
14,12,8:80
14,12,9:80
14,12,10:80
14,12,11:60
14,12,12:66
14,12,13:65
14,12,14:45
14,12,15:30
14,13,0:33
14,13,1:50
14,13,2:73
14,13,3:67
14,13,4:47
14,13,5:55
14,13,6:65
14,13,7:60
14,13,8:59
14,13,9:57
14,13,10:47
14,13,11:72
14,13,12:66
14,13,13:74
14,13,14:44
14,13,15:23
14,14,0:17
14,14,1:36
14,14,2:42
14,14,3:52
14,14,4:36
14,14,5:35
14,14,6:34
14,14,7:45
14,14,8:43
14,14,9:34
14,14,10:46
14,14,11:50
14,14,12:55
14,14,13:49
14,14,14:36
14,14,15:20
14,15,0:13
14,15,1:18
14,15,2:32
14,15,3:35
14,15,4:29
14,15,5:29
14,15,6:19
14,15,7:38
14,15,8:21
14,15,9:31
14,15,10:43
14,15,11:29
14,15,12:34
14,15,13:35
14,15,14:25
14,15,15:15
15,0,0:11
15,0,1:17
15,0,2:22
15,0,3:20
15,0,4:23
15,0,5:30
15,0,6:23
15,0,7:43
15,0,8:38
15,0,9:36
15,0,10:33
15,0,11:31
15,0,12:31
15,0,13:35
15,0,14:16
15,0,15:13
15,1,0:16
15,1,1:26
15,1,2:28
15,1,3:21
15,1,4:31
15,1,5:29
15,1,6:18
15,1,7:21
15,1,8:29
15,1,9:39
15,1,10:24
15,1,11:35
15,1,12:39
15,1,13:27
15,1,14:14
15,1,15:12
15,2,0:12
15,2,1:20
15,2,2:28
15,2,3:25
15,2,4:25
15,2,5:28
15,2,6:29
15,2,7:20
15,2,8:33
15,2,9:26
15,2,10:21
15,2,11:25
15,2,12:29
15,2,13:20
15,2,14:19
15,2,15:13
15,3,0:14
15,3,1:12
15,3,2:18
15,3,3:27
15,3,4:25
15,3,5:22
15,3,6:21
15,3,7:28
15,3,8:20
15,3,9:16
15,3,10:26
15,3,11:24
15,3,12:25
15,3,13:24
15,3,14:19
15,3,15:13
15,4,0:19
15,4,1:12
15,4,2:21
15,4,3:23
15,4,4:19
15,4,5:22
15,4,6:18
15,4,7:21
15,4,8:24
15,4,9:23
15,4,10:23
15,4,11:29
15,4,12:26
15,4,13:20
15,4,14:21
15,4,15:13
15,5,0:10
15,5,1:24
15,5,2:23
15,5,3:17
15,5,4:25
15,5,5:14
15,5,6:30
15,5,7:27
15,5,8:24
15,5,9:25
15,5,10:16
15,5,11:22
15,5,12:33
15,5,13:20
15,5,14:24
15,5,15:14
15,6,0:10
15,6,1:25
15,6,2:27
15,6,3:35
15,6,4:20
15,6,5:28
15,6,6:23
15,6,7:28
15,6,8:22
15,6,9:25
15,6,10:21
15,6,11:14
15,6,12:16
15,6,13:25
15,6,14:22
15,6,15:11
15,7,0:19
15,7,1:25
15,7,2:26
15,7,3:25
15,7,4:25
15,7,5:26
15,7,6:31
15,7,7:20
15,7,8:18
15,7,9:32
15,7,10:16
15,7,11:20
15,7,12:24
15,7,13:25
15,7,14:20
15,7,15:13
15,8,0:12
15,8,1:26
15,8,2:19
15,8,3:19
15,8,4:31
15,8,5:17
15,8,6:28
15,8,7:24
15,8,8:24
15,8,9:28
15,8,10:24
15,8,11:31
15,8,12:21
15,8,13:27
15,8,14:24
15,8,15:11
15,9,0:14
15,9,1:34
15,9,2:36
15,9,3:26
15,9,4:30
15,9,5:20
15,9,6:37
15,9,7:28
15,9,8:40
15,9,9:32
15,9,10:27
15,9,11:25
15,9,12:30
15,9,13:32
15,9,14:15
15,9,15:17
15,10,0:16
15,10,1:22
15,10,2:30
15,10,3:24
15,10,4:22
15,10,5:24
15,10,6:37
15,10,7:43
15,10,8:41
15,10,9:34
15,10,10:36
15,10,11:39
15,10,12:30
15,10,13:23
15,10,14:25
15,10,15:21
15,11,0:12
15,11,1:20
15,11,2:36
15,11,3:38
15,11,4:39
15,11,5:35
15,11,6:57
15,11,7:36
15,11,8:39
15,11,9:44
15,11,10:45
15,11,11:35
15,11,12:35
15,11,13:42
15,11,14:26
15,11,15:17
15,12,0:10
15,12,1:26
15,12,2:31
15,12,3:49
15,12,4:26
15,12,5:34
15,12,6:46
15,12,7:39
15,12,8:48
15,12,9:48
15,12,10:32
15,12,11:47
15,12,12:37
15,12,13:34
15,12,14:23
15,12,15:23
15,13,0:15
15,13,1:26
15,13,2:41
15,13,3:53
15,13,4:38
15,13,5:31
15,13,6:42
15,13,7:40
15,13,8:41
15,13,9:30
15,13,10:35
15,13,11:34
15,13,12:42
15,13,13:43
15,13,14:26
15,13,15:16
15,14,0:13
15,14,1:25
15,14,2:45
15,14,3:42
15,14,4:41
15,14,5:33
15,14,6:32
15,14,7:34
15,14,8:45
15,14,9:46
15,14,10:39
15,14,11:46
15,14,12:38
15,14,13:26
15,14,14:26
15,14,15:11
15,15,0:20
15,15,1:13
15,15,2:24
15,15,3:33
15,15,4:31
15,15,5:33
15,15,6:31
15,15,7:28
15,15,8:41
15,15,9:46
15,15,10:36
15,15,11:28
15,15,12:30
15,15,13:24
15,15,14:16
15,15,15:11

Total: 254964
